{"C:\\Users\\mayko\\LuizTools\\web23-projects\\cerberus\\cerberus\\backend\\src\\auth\\auth.controller.ts": {"path":"C:\\Users\\mayko\\LuizTools\\web23-projects\\cerberus\\cerberus\\backend\\src\\auth\\auth.controller.ts","statementMap":{"0":{"start":{"line":1,"column":0},"end":{"line":1,"column":null}},"1":{"start":{"line":9,"column":0},"end":{"line":9,"column":37}},"2":{"start":{"line":10,"column":0},"end":{"line":10,"column":43}},"3":{"start":{"line":11,"column":0},"end":{"line":11,"column":51}},"4":{"start":{"line":12,"column":0},"end":{"line":12,"column":44}},"5":{"start":{"line":13,"column":0},"end":{"line":13,"column":55}},"6":{"start":{"line":14,"column":0},"end":{"line":14,"column":31}},"7":{"start":{"line":15,"column":0},"end":{"line":15,"column":45}},"8":{"start":{"line":16,"column":0},"end":{"line":16,"column":32}},"9":{"start":{"line":19,"column":7},"end":{"line":116,"column":null}},"10":{"start":{"line":21,"column":21},"end":{"line":21,"column":34}},"11":{"start":{"line":22,"column":21},"end":{"line":22,"column":36}},"12":{"start":{"line":23,"column":21},"end":{"line":23,"column":34}},"13":{"start":{"line":28,"column":23},"end":{"line":28,"column":45}},"14":{"start":{"line":29,"column":4},"end":{"line":30,"column":58}},"15":{"start":{"line":30,"column":6},"end":{"line":30,"column":58}},"16":{"start":{"line":32,"column":20},"end":{"line":32,"column":79}},"17":{"start":{"line":35,"column":4},"end":{"line":39,"column":5}},"18":{"start":{"line":36,"column":6},"end":{"line":36,"column":58}},"19":{"start":{"line":38,"column":6},"end":{"line":38,"column":55}},"20":{"start":{"line":41,"column":4},"end":{"line":53,"column":5}},"21":{"start":{"line":42,"column":19},"end":{"line":42,"column":65}},"22":{"start":{"line":43,"column":6},"end":{"line":44,"column":56}},"23":{"start":{"line":44,"column":8},"end":{"line":44,"column":56}},"24":{"start":{"line":46,"column":6},"end":{"line":52,"column":16}},"25":{"start":{"line":55,"column":4},"end":{"line":55,"column":72}},"26":{"start":{"line":60,"column":17},"end":{"line":60,"column":53}},"27":{"start":{"line":62,"column":4},"end":{"line":78,"column":7}},"28":{"start":{"line":80,"column":4},"end":{"line":80,"column":16}},"29":{"start":{"line":88,"column":17},"end":{"line":88,"column":66}},"30":{"start":{"line":90,"column":4},"end":{"line":106,"column":7}},"31":{"start":{"line":108,"column":4},"end":{"line":114,"column":14}},"32":{"start":{"line":19,"column":13},"end":{"line":19,"column":27}},"33":{"start":{"line":27,"column":8},"end":{"line":56,"column":null}},"34":{"start":{"line":59,"column":8},"end":{"line":81,"column":null}},"35":{"start":{"line":84,"column":8},"end":{"line":115,"column":null}},"36":{"start":{"line":19,"column":13},"end":{"line":116,"column":null}}},"fnMap":{"0":{"name":"(anonymous_5)","decl":{"start":{"line":20,"column":2},"end":{"line":20,"column":null}},"loc":{"start":{"line":23,"column":45},"end":{"line":24,"column":6}}},"1":{"name":"(anonymous_6)","decl":{"start":{"line":27,"column":8},"end":{"line":27,"column":14}},"loc":{"start":{"line":27,"column":36},"end":{"line":56,"column":3}}},"2":{"name":"(anonymous_7)","decl":{"start":{"line":59,"column":8},"end":{"line":59,"column":14}},"loc":{"start":{"line":59,"column":36},"end":{"line":81,"column":3}}},"3":{"name":"(anonymous_8)","decl":{"start":{"line":84,"column":8},"end":{"line":84,"column":16}},"loc":{"start":{"line":86,"column":31},"end":{"line":115,"column":3}}}},"branchMap":{"0":{"loc":{"start":{"line":29,"column":4},"end":{"line":30,"column":58}},"type":"if","locations":[{"start":{"line":29,"column":4},"end":{"line":30,"column":58}},{"start":{},"end":{}}]},"1":{"loc":{"start":{"line":41,"column":4},"end":{"line":53,"column":5}},"type":"if","locations":[{"start":{"line":41,"column":4},"end":{"line":53,"column":5}},{"start":{},"end":{}}]},"2":{"loc":{"start":{"line":43,"column":6},"end":{"line":44,"column":56}},"type":"if","locations":[{"start":{"line":43,"column":6},"end":{"line":44,"column":56}},{"start":{},"end":{}}]},"3":{"loc":{"start":{"line":27,"column":29},"end":{"line":27,"column":39}},"type":"cond-expr","locations":[{"start":{"line":27,"column":36},"end":{"line":27,"column":39}},{"start":{"line":27,"column":36},"end":{"line":27,"column":39}}]},"4":{"loc":{"start":{"line":27,"column":29},"end":{"line":27,"column":36}},"type":"binary-expr","locations":[{"start":{"line":27,"column":29},"end":{"line":27,"column":39}},{"start":{"line":27,"column":29},"end":{"line":27,"column":36}}]},"5":{"loc":{"start":{"line":27,"column":39},"end":{"line":27,"column":null}},"type":"cond-expr","locations":[{"start":{"line":27,"column":46},"end":{"line":27,"column":null}},{"start":{"line":27,"column":46},"end":{"line":27,"column":null}}]},"6":{"loc":{"start":{"line":27,"column":39},"end":{"line":27,"column":46}},"type":"binary-expr","locations":[{"start":{"line":27,"column":39},"end":{"line":27,"column":null}},{"start":{"line":27,"column":39},"end":{"line":27,"column":46}}]},"7":{"loc":{"start":{"line":59,"column":29},"end":{"line":59,"column":39}},"type":"cond-expr","locations":[{"start":{"line":59,"column":36},"end":{"line":59,"column":39}},{"start":{"line":59,"column":36},"end":{"line":59,"column":39}}]},"8":{"loc":{"start":{"line":59,"column":29},"end":{"line":59,"column":36}},"type":"binary-expr","locations":[{"start":{"line":59,"column":29},"end":{"line":59,"column":39}},{"start":{"line":59,"column":29},"end":{"line":59,"column":36}}]},"9":{"loc":{"start":{"line":59,"column":39},"end":{"line":59,"column":null}},"type":"cond-expr","locations":[{"start":{"line":59,"column":46},"end":{"line":59,"column":null}},{"start":{"line":59,"column":46},"end":{"line":59,"column":null}}]},"10":{"loc":{"start":{"line":59,"column":39},"end":{"line":59,"column":46}},"type":"binary-expr","locations":[{"start":{"line":59,"column":39},"end":{"line":59,"column":null}},{"start":{"line":59,"column":39},"end":{"line":59,"column":46}}]},"11":{"loc":{"start":{"line":87,"column":5},"end":{"line":87,"column":null}},"type":"cond-expr","locations":[{"start":{"line":87,"column":12},"end":{"line":87,"column":null}},{"start":{"line":87,"column":12},"end":{"line":87,"column":null}}]},"12":{"loc":{"start":{"line":87,"column":5},"end":{"line":87,"column":12}},"type":"binary-expr","locations":[{"start":{"line":87,"column":5},"end":{"line":87,"column":null}},{"start":{"line":87,"column":5},"end":{"line":87,"column":12}}]},"13":{"loc":{"start":{"line":21,"column":34},"end":{"line":21,"column":null}},"type":"cond-expr","locations":[{"start":{"line":21,"column":45},"end":{"line":21,"column":null}},{"start":{"line":21,"column":45},"end":{"line":21,"column":null}}]},"14":{"loc":{"start":{"line":21,"column":34},"end":{"line":21,"column":45}},"type":"binary-expr","locations":[{"start":{"line":21,"column":34},"end":{"line":21,"column":null}},{"start":{"line":21,"column":34},"end":{"line":21,"column":45}}]},"15":{"loc":{"start":{"line":21,"column":45},"end":{"line":22,"column":null}},"type":"cond-expr","locations":[{"start":{"line":22,"column":49},"end":{"line":22,"column":null}},{"start":{"line":22,"column":49},"end":{"line":22,"column":null}}]},"16":{"loc":{"start":{"line":21,"column":45},"end":{"line":22,"column":49}},"type":"binary-expr","locations":[{"start":{"line":21,"column":45},"end":{"line":22,"column":null}},{"start":{"line":22,"column":36},"end":{"line":22,"column":49}}]},"17":{"loc":{"start":{"line":22,"column":49},"end":{"line":23,"column":null}},"type":"cond-expr","locations":[{"start":{"line":23,"column":45},"end":{"line":23,"column":null}},{"start":{"line":23,"column":45},"end":{"line":23,"column":null}}]},"18":{"loc":{"start":{"line":22,"column":49},"end":{"line":23,"column":45}},"type":"binary-expr","locations":[{"start":{"line":22,"column":49},"end":{"line":23,"column":null}},{"start":{"line":23,"column":34},"end":{"line":23,"column":45}}]}},"s":{"0":1,"1":1,"2":1,"3":1,"4":1,"5":1,"6":1,"7":1,"8":1,"9":1,"10":1,"11":1,"12":1,"13":5,"14":5,"15":1,"16":4,"17":4,"18":4,"19":1,"20":3,"21":2,"22":2,"23":1,"24":1,"25":1,"26":1,"27":1,"28":1,"29":1,"30":1,"31":1,"32":1,"33":1,"34":1,"35":1,"36":1},"f":{"0":1,"1":5,"2":1,"3":1},"b":{"0":[1,4],"1":[2,1],"2":[1,1],"3":[1,0],"4":[1,1],"5":[1,0],"6":[1,1],"7":[1,0],"8":[1,1],"9":[1,0],"10":[1,1],"11":[1,0],"12":[1,1],"13":[1,0],"14":[1,1],"15":[1,0],"16":[1,1],"17":[1,0],"18":[1,1]}}
,"C:\\Users\\mayko\\LuizTools\\web23-projects\\cerberus\\cerberus\\backend\\src\\auth\\auth.service.ts": {"path":"C:\\Users\\mayko\\LuizTools\\web23-projects\\cerberus\\cerberus\\backend\\src\\auth\\auth.service.ts","statementMap":{"0":{"start":{"line":1,"column":0},"end":{"line":1,"column":67}},"1":{"start":{"line":2,"column":0},"end":{"line":2,"column":41}},"2":{"start":{"line":4,"column":0},"end":{"line":4,"column":31}},"3":{"start":{"line":7,"column":7},"end":{"line":31,"column":null}},"4":{"start":{"line":8,"column":31},"end":{"line":8,"column":43}},"5":{"start":{"line":11,"column":4},"end":{"line":14,"column":7}},"6":{"start":{"line":18,"column":4},"end":{"line":18,"column":79}},"7":{"start":{"line":22,"column":4},"end":{"line":29,"column":5}},"8":{"start":{"line":23,"column":6},"end":{"line":25,"column":9}},"9":{"start":{"line":28,"column":6},"end":{"line":28,"column":54}},"10":{"start":{"line":7,"column":13},"end":{"line":7,"column":24}},"11":{"start":{"line":7,"column":13},"end":{"line":31,"column":null}}},"fnMap":{"0":{"name":"(anonymous_3)","decl":{"start":{"line":8,"column":2},"end":{"line":8,"column":31}},"loc":{"start":{"line":8,"column":53},"end":{"line":8,"column":57}}},"1":{"name":"(anonymous_4)","decl":{"start":{"line":10,"column":2},"end":{"line":10,"column":7}},"loc":{"start":{"line":10,"column":32},"end":{"line":15,"column":3}}},"2":{"name":"(anonymous_5)","decl":{"start":{"line":17,"column":2},"end":{"line":17,"column":13}},"loc":{"start":{"line":17,"column":35},"end":{"line":19,"column":3}}},"3":{"name":"(anonymous_6)","decl":{"start":{"line":21,"column":2},"end":{"line":21,"column":7}},"loc":{"start":{"line":21,"column":32},"end":{"line":30,"column":3}}}},"branchMap":{"0":{"loc":{"start":{"line":8,"column":43},"end":{"line":8,"column":56}},"type":"cond-expr","locations":[{"start":{"line":8,"column":53},"end":{"line":8,"column":56}},{"start":{"line":8,"column":53},"end":{"line":8,"column":56}}]},"1":{"loc":{"start":{"line":8,"column":43},"end":{"line":8,"column":53}},"type":"binary-expr","locations":[{"start":{"line":8,"column":43},"end":{"line":8,"column":56}},{"start":{"line":8,"column":43},"end":{"line":8,"column":53}}]}},"s":{"0":4,"1":4,"2":4,"3":4,"4":1,"5":1,"6":1,"7":2,"8":2,"9":1,"10":4,"11":4},"f":{"0":1,"1":1,"2":1,"3":2},"b":{"0":[4,0],"1":[4,4]}}
,"C:\\Users\\mayko\\LuizTools\\web23-projects\\cerberus\\cerberus\\backend\\src\\pool\\pool.controller.ts": {"path":"C:\\Users\\mayko\\LuizTools\\web23-projects\\cerberus\\cerberus\\backend\\src\\pool\\pool.controller.ts","statementMap":{"0":{"start":{"line":1,"column":0},"end":{"line":1,"column":null}},"1":{"start":{"line":10,"column":0},"end":{"line":10,"column":45}},"2":{"start":{"line":11,"column":0},"end":{"line":11,"column":47}},"3":{"start":{"line":14,"column":7},"end":{"line":56,"column":null}},"4":{"start":{"line":15,"column":31},"end":{"line":15,"column":44}},"5":{"start":{"line":20,"column":4},"end":{"line":20,"column":45}},"6":{"start":{"line":26,"column":4},"end":{"line":26,"column":42}},"7":{"start":{"line":32,"column":17},"end":{"line":32,"column":51}},"8":{"start":{"line":33,"column":4},"end":{"line":33,"column":45}},"9":{"start":{"line":33,"column":15},"end":{"line":33,"column":45}},"10":{"start":{"line":34,"column":4},"end":{"line":34,"column":16}},"11":{"start":{"line":43,"column":17},"end":{"line":43,"column":63}},"12":{"start":{"line":44,"column":4},"end":{"line":44,"column":45}},"13":{"start":{"line":44,"column":15},"end":{"line":44,"column":45}},"14":{"start":{"line":45,"column":4},"end":{"line":45,"column":16}},"15":{"start":{"line":54,"column":4},"end":{"line":54,"column":53}},"16":{"start":{"line":14,"column":13},"end":{"line":14,"column":27}},"17":{"start":{"line":19,"column":8},"end":{"line":21,"column":null}},"18":{"start":{"line":25,"column":8},"end":{"line":27,"column":null}},"19":{"start":{"line":31,"column":8},"end":{"line":35,"column":null}},"20":{"start":{"line":39,"column":8},"end":{"line":46,"column":null}},"21":{"start":{"line":50,"column":8},"end":{"line":55,"column":null}},"22":{"start":{"line":14,"column":13},"end":{"line":56,"column":null}}},"fnMap":{"0":{"name":"(anonymous_4)","decl":{"start":{"line":15,"column":2},"end":{"line":15,"column":31}},"loc":{"start":{"line":15,"column":55},"end":{"line":15,"column":59}}},"1":{"name":"(anonymous_5)","decl":{"start":{"line":19,"column":8},"end":{"line":19,"column":22}},"loc":{"start":{"line":19,"column":22},"end":{"line":21,"column":3}}},"2":{"name":"(anonymous_6)","decl":{"start":{"line":25,"column":8},"end":{"line":25,"column":16}},"loc":{"start":{"line":25,"column":16},"end":{"line":27,"column":3}}},"3":{"name":"(anonymous_7)","decl":{"start":{"line":31,"column":8},"end":{"line":31,"column":15}},"loc":{"start":{"line":31,"column":39},"end":{"line":35,"column":3}}},"4":{"name":"(anonymous_8)","decl":{"start":{"line":39,"column":8},"end":{"line":39,"column":18}},"loc":{"start":{"line":41,"column":43},"end":{"line":46,"column":3}}},"5":{"name":"(anonymous_9)","decl":{"start":{"line":50,"column":8},"end":{"line":50,"column":16}},"loc":{"start":{"line":52,"column":53},"end":{"line":55,"column":3}}}},"branchMap":{"0":{"loc":{"start":{"line":33,"column":4},"end":{"line":33,"column":45}},"type":"if","locations":[{"start":{"line":33,"column":4},"end":{"line":33,"column":45}},{"start":{},"end":{}}]},"1":{"loc":{"start":{"line":44,"column":4},"end":{"line":44,"column":45}},"type":"if","locations":[{"start":{"line":44,"column":4},"end":{"line":44,"column":45}},{"start":{},"end":{}}]},"2":{"loc":{"start":{"line":15,"column":44},"end":{"line":15,"column":58}},"type":"cond-expr","locations":[{"start":{"line":15,"column":55},"end":{"line":15,"column":58}},{"start":{"line":15,"column":55},"end":{"line":15,"column":58}}]},"3":{"loc":{"start":{"line":15,"column":44},"end":{"line":15,"column":55}},"type":"binary-expr","locations":[{"start":{"line":15,"column":44},"end":{"line":15,"column":58}},{"start":{"line":15,"column":44},"end":{"line":15,"column":55}}]}},"s":{"0":1,"1":1,"2":1,"3":1,"4":1,"5":1,"6":1,"7":2,"8":2,"9":1,"10":1,"11":2,"12":2,"13":1,"14":1,"15":1,"16":1,"17":1,"18":1,"19":1,"20":1,"21":1,"22":1},"f":{"0":1,"1":1,"2":1,"3":2,"4":2,"5":1},"b":{"0":[1,1],"1":[1,1],"2":[1,0],"3":[1,1]}}
,"C:\\Users\\mayko\\LuizTools\\web23-projects\\cerberus\\cerberus\\backend\\src\\pool\\pool.service.ts": {"path":"C:\\Users\\mayko\\LuizTools\\web23-projects\\cerberus\\cerberus\\backend\\src\\pool\\pool.service.ts","statementMap":{"0":{"start":{"line":1,"column":0},"end":{"line":1,"column":63}},"1":{"start":{"line":2,"column":0},"end":{"line":2,"column":23}},"2":{"start":{"line":11,"column":7},"end":{"line":104,"column":null}},"3":{"start":{"line":13,"column":17},"end":{"line":15,"column":6}},"4":{"start":{"line":17,"column":4},"end":{"line":17,"column":45}},"5":{"start":{"line":17,"column":15},"end":{"line":17,"column":45}},"6":{"start":{"line":18,"column":4},"end":{"line":18,"column":16}},"7":{"start":{"line":22,"column":17},"end":{"line":30,"column":6}},"8":{"start":{"line":32,"column":4},"end":{"line":32,"column":45}},"9":{"start":{"line":32,"column":15},"end":{"line":32,"column":45}},"10":{"start":{"line":34,"column":4},"end":{"line":34,"column":16}},"11":{"start":{"line":38,"column":18},"end":{"line":41,"column":6}},"12":{"start":{"line":43,"column":4},"end":{"line":43,"column":17}},"13":{"start":{"line":47,"column":21},"end":{"line":58,"column":6}},"14":{"start":{"line":60,"column":4},"end":{"line":60,"column":28}},"15":{"start":{"line":60,"column":18},"end":{"line":60,"column":28}},"16":{"start":{"line":61,"column":4},"end":{"line":61,"column":44}},"17":{"start":{"line":61,"column":30},"end":{"line":61,"column":35}},"18":{"start":{"line":65,"column":23},"end":{"line":65,"column":64}},"19":{"start":{"line":67,"column":23},"end":{"line":75,"column":6}},"20":{"start":{"line":77,"column":4},"end":{"line":80,"column":7}},"21":{"start":{"line":78,"column":6},"end":{"line":79,"column":68}},"22":{"start":{"line":82,"column":23},"end":{"line":90,"column":6}},"23":{"start":{"line":92,"column":4},"end":{"line":95,"column":7}},"24":{"start":{"line":93,"column":6},"end":{"line":94,"column":68}},"25":{"start":{"line":97,"column":21},"end":{"line":97,"column":49}},"26":{"start":{"line":98,"column":26},"end":{"line":100,"column":18}},"27":{"start":{"line":99,"column":22},"end":{"line":99,"column":47}},"28":{"start":{"line":102,"column":4},"end":{"line":102,"column":17}},"29":{"start":{"line":11,"column":13},"end":{"line":11,"column":24}},"30":{"start":{"line":11,"column":13},"end":{"line":104,"column":null}}},"fnMap":{"0":{"name":"(anonymous_2)","decl":{"start":{"line":12,"column":2},"end":{"line":12,"column":7}},"loc":{"start":{"line":12,"column":26},"end":{"line":19,"column":3}}},"1":{"name":"(anonymous_3)","decl":{"start":{"line":21,"column":2},"end":{"line":21,"column":7}},"loc":{"start":{"line":21,"column":46},"end":{"line":35,"column":3}}},"2":{"name":"(anonymous_4)","decl":{"start":{"line":37,"column":2},"end":{"line":37,"column":7}},"loc":{"start":{"line":37,"column":56},"end":{"line":44,"column":3}}},"3":{"name":"(anonymous_5)","decl":{"start":{"line":46,"column":2},"end":{"line":46,"column":7}},"loc":{"start":{"line":46,"column":22},"end":{"line":62,"column":3}}},"4":{"name":"(anonymous_6)","decl":{"start":{"line":61,"column":23},"end":{"line":61,"column":24}},"loc":{"start":{"line":61,"column":30},"end":{"line":61,"column":35}}},"5":{"name":"(anonymous_7)","decl":{"start":{"line":64,"column":2},"end":{"line":64,"column":7}},"loc":{"start":{"line":64,"column":19},"end":{"line":103,"column":3}}},"6":{"name":"(anonymous_8)","decl":{"start":{"line":77,"column":22},"end":{"line":77,"column":23}},"loc":{"start":{"line":77,"column":34},"end":{"line":80,"column":5}}},"7":{"name":"(anonymous_9)","decl":{"start":{"line":92,"column":22},"end":{"line":92,"column":23}},"loc":{"start":{"line":92,"column":34},"end":{"line":95,"column":5}}},"8":{"name":"(anonymous_10)","decl":{"start":{"line":99,"column":12},"end":{"line":99,"column":13}},"loc":{"start":{"line":99,"column":22},"end":{"line":99,"column":47}}}},"branchMap":{"0":{"loc":{"start":{"line":17,"column":4},"end":{"line":17,"column":45}},"type":"if","locations":[{"start":{"line":17,"column":4},"end":{"line":17,"column":45}},{"start":{},"end":{}}]},"1":{"loc":{"start":{"line":32,"column":4},"end":{"line":32,"column":45}},"type":"if","locations":[{"start":{"line":32,"column":4},"end":{"line":32,"column":45}},{"start":{},"end":{}}]},"2":{"loc":{"start":{"line":37,"column":17},"end":{"line":37,"column":33}},"type":"default-arg","locations":[{"start":{"line":37,"column":32},"end":{"line":37,"column":33}}]},"3":{"loc":{"start":{"line":37,"column":35},"end":{"line":37,"column":56}},"type":"default-arg","locations":[{"start":{"line":37,"column":54},"end":{"line":37,"column":56}}]},"4":{"loc":{"start":{"line":60,"column":4},"end":{"line":60,"column":28}},"type":"if","locations":[{"start":{"line":60,"column":4},"end":{"line":60,"column":28}},{"start":{},"end":{}}]},"5":{"loc":{"start":{"line":79,"column":9},"end":{"line":79,"column":31}},"type":"binary-expr","locations":[{"start":{"line":79,"column":9},"end":{"line":79,"column":26}},{"start":{"line":79,"column":30},"end":{"line":79,"column":31}}]},"6":{"loc":{"start":{"line":79,"column":44},"end":{"line":79,"column":66}},"type":"binary-expr","locations":[{"start":{"line":79,"column":44},"end":{"line":79,"column":61}},{"start":{"line":79,"column":65},"end":{"line":79,"column":66}}]},"7":{"loc":{"start":{"line":94,"column":9},"end":{"line":94,"column":31}},"type":"binary-expr","locations":[{"start":{"line":94,"column":9},"end":{"line":94,"column":26}},{"start":{"line":94,"column":30},"end":{"line":94,"column":31}}]},"8":{"loc":{"start":{"line":94,"column":44},"end":{"line":94,"column":66}},"type":"binary-expr","locations":[{"start":{"line":94,"column":44},"end":{"line":94,"column":61}},{"start":{"line":94,"column":65},"end":{"line":94,"column":66}}]}},"s":{"0":2,"1":2,"2":2,"3":2,"4":2,"5":1,"6":1,"7":2,"8":2,"9":1,"10":1,"11":2,"12":2,"13":2,"14":2,"15":1,"16":1,"17":1,"18":1,"19":1,"20":1,"21":1,"22":1,"23":1,"24":1,"25":1,"26":1,"27":1,"28":1,"29":2,"30":2},"f":{"0":2,"1":2,"2":2,"3":2,"4":1,"5":1,"6":1,"7":1,"8":1},"b":{"0":[1,1],"1":[1,1],"2":[1],"3":[1],"4":[1,1],"5":[1,1],"6":[1,1],"7":[1,1],"8":[1,1]}}
,"C:\\Users\\mayko\\LuizTools\\web23-projects\\cerberus\\cerberus\\backend\\src\\user\\user.controller.ts": {"path":"C:\\Users\\mayko\\LuizTools\\web23-projects\\cerberus\\cerberus\\backend\\src\\user\\user.controller.ts","statementMap":{"0":{"start":{"line":1,"column":0},"end":{"line":1,"column":null}},"1":{"start":{"line":12,"column":0},"end":{"line":12,"column":45}},"2":{"start":{"line":13,"column":0},"end":{"line":13,"column":37}},"3":{"start":{"line":14,"column":0},"end":{"line":14,"column":47}},"4":{"start":{"line":15,"column":0},"end":{"line":15,"column":51}},"5":{"start":{"line":18,"column":7},"end":{"line":62,"column":null}},"6":{"start":{"line":20,"column":21},"end":{"line":20,"column":34}},"7":{"start":{"line":21,"column":21},"end":{"line":21,"column":34}},"8":{"start":{"line":27,"column":16},"end":{"line":27,"column":59}},"9":{"start":{"line":28,"column":4},"end":{"line":28,"column":49}},"10":{"start":{"line":37,"column":16},"end":{"line":37,"column":59}},"11":{"start":{"line":39,"column":4},"end":{"line":48,"column":5}},"12":{"start":{"line":40,"column":6},"end":{"line":41,"column":39}},"13":{"start":{"line":41,"column":8},"end":{"line":41,"column":39}},"14":{"start":{"line":42,"column":6},"end":{"line":42,"column":58}},"15":{"start":{"line":44,"column":6},"end":{"line":44,"column":68}},"16":{"start":{"line":44,"column":37},"end":{"line":44,"column":68}},"17":{"start":{"line":45,"column":19},"end":{"line":45,"column":61}},"18":{"start":{"line":46,"column":6},"end":{"line":46,"column":27}},"19":{"start":{"line":47,"column":6},"end":{"line":47,"column":18}},"20":{"start":{"line":58,"column":16},"end":{"line":58,"column":59}},"21":{"start":{"line":59,"column":4},"end":{"line":59,"column":58}},"22":{"start":{"line":59,"column":27},"end":{"line":59,"column":58}},"23":{"start":{"line":60,"column":4},"end":{"line":60,"column":49}},"24":{"start":{"line":18,"column":13},"end":{"line":18,"column":27}},"25":{"start":{"line":26,"column":8},"end":{"line":29,"column":null}},"26":{"start":{"line":33,"column":8},"end":{"line":49,"column":null}},"27":{"start":{"line":53,"column":8},"end":{"line":61,"column":null}},"28":{"start":{"line":18,"column":13},"end":{"line":62,"column":null}}},"fnMap":{"0":{"name":"(anonymous_4)","decl":{"start":{"line":19,"column":2},"end":{"line":19,"column":null}},"loc":{"start":{"line":21,"column":45},"end":{"line":22,"column":6}}},"1":{"name":"(anonymous_5)","decl":{"start":{"line":26,"column":8},"end":{"line":26,"column":11}},"loc":{"start":{"line":26,"column":51},"end":{"line":29,"column":3}}},"2":{"name":"(anonymous_6)","decl":{"start":{"line":33,"column":8},"end":{"line":33,"column":15}},"loc":{"start":{"line":35,"column":43},"end":{"line":49,"column":3}}},"3":{"name":"(anonymous_7)","decl":{"start":{"line":53,"column":8},"end":{"line":53,"column":18}},"loc":{"start":{"line":56,"column":25},"end":{"line":61,"column":3}}}},"branchMap":{"0":{"loc":{"start":{"line":39,"column":4},"end":{"line":48,"column":5}},"type":"if","locations":[{"start":{"line":39,"column":4},"end":{"line":48,"column":5}},{"start":{"line":43,"column":11},"end":{"line":48,"column":5}}]},"1":{"loc":{"start":{"line":40,"column":6},"end":{"line":41,"column":39}},"type":"if","locations":[{"start":{"line":40,"column":6},"end":{"line":41,"column":39}},{"start":{},"end":{}}]},"2":{"loc":{"start":{"line":44,"column":6},"end":{"line":44,"column":68}},"type":"if","locations":[{"start":{"line":44,"column":6},"end":{"line":44,"column":68}},{"start":{},"end":{}}]},"3":{"loc":{"start":{"line":59,"column":4},"end":{"line":59,"column":58}},"type":"if","locations":[{"start":{"line":59,"column":4},"end":{"line":59,"column":58}},{"start":{},"end":{}}]},"4":{"loc":{"start":{"line":56,"column":18},"end":{"line":56,"column":null}},"type":"cond-expr","locations":[{"start":{"line":56,"column":25},"end":{"line":56,"column":null}},{"start":{"line":56,"column":25},"end":{"line":56,"column":null}}]},"5":{"loc":{"start":{"line":56,"column":18},"end":{"line":56,"column":25}},"type":"binary-expr","locations":[{"start":{"line":56,"column":18},"end":{"line":56,"column":null}},{"start":{"line":56,"column":18},"end":{"line":56,"column":25}}]},"6":{"loc":{"start":{"line":20,"column":34},"end":{"line":20,"column":null}},"type":"cond-expr","locations":[{"start":{"line":20,"column":45},"end":{"line":20,"column":null}},{"start":{"line":20,"column":45},"end":{"line":20,"column":null}}]},"7":{"loc":{"start":{"line":20,"column":34},"end":{"line":20,"column":45}},"type":"binary-expr","locations":[{"start":{"line":20,"column":34},"end":{"line":20,"column":null}},{"start":{"line":20,"column":34},"end":{"line":20,"column":45}}]},"8":{"loc":{"start":{"line":20,"column":45},"end":{"line":21,"column":null}},"type":"cond-expr","locations":[{"start":{"line":21,"column":45},"end":{"line":21,"column":null}},{"start":{"line":21,"column":45},"end":{"line":21,"column":null}}]},"9":{"loc":{"start":{"line":20,"column":45},"end":{"line":21,"column":45}},"type":"binary-expr","locations":[{"start":{"line":20,"column":45},"end":{"line":21,"column":null}},{"start":{"line":21,"column":34},"end":{"line":21,"column":45}}]}},"s":{"0":1,"1":1,"2":1,"3":1,"4":1,"5":1,"6":1,"7":1,"8":1,"9":1,"10":4,"11":4,"12":2,"13":1,"14":1,"15":2,"16":1,"17":1,"18":1,"19":1,"20":2,"21":2,"22":1,"23":1,"24":1,"25":1,"26":1,"27":1,"28":1},"f":{"0":1,"1":1,"2":4,"3":2},"b":{"0":[2,2],"1":[1,1],"2":[1,1],"3":[1,1],"4":[1,0],"5":[1,1],"6":[1,0],"7":[1,1],"8":[1,0],"9":[1,1]}}
,"C:\\Users\\mayko\\LuizTools\\web23-projects\\cerberus\\cerberus\\backend\\src\\user\\user.service.ts": {"path":"C:\\Users\\mayko\\LuizTools\\web23-projects\\cerberus\\cerberus\\backend\\src\\user\\user.service.ts","statementMap":{"0":{"start":{"line":1,"column":0},"end":{"line":1,"column":null}},"1":{"start":{"line":8,"column":0},"end":{"line":8,"column":39}},"2":{"start":{"line":9,"column":0},"end":{"line":9,"column":23}},"3":{"start":{"line":11,"column":0},"end":{"line":11,"column":31}},"4":{"start":{"line":12,"column":0},"end":{"line":12,"column":66}},"5":{"start":{"line":15,"column":24},"end":{"line":154,"column":null}},"6":{"start":{"line":17,"column":17},"end":{"line":24,"column":6}},"7":{"start":{"line":26,"column":4},"end":{"line":26,"column":45}},"8":{"start":{"line":26,"column":15},"end":{"line":26,"column":45}},"9":{"start":{"line":27,"column":4},"end":{"line":27,"column":25}},"10":{"start":{"line":29,"column":4},"end":{"line":29,"column":16}},"11":{"start":{"line":33,"column":17},"end":{"line":35,"column":6}},"12":{"start":{"line":37,"column":4},"end":{"line":37,"column":45}},"13":{"start":{"line":37,"column":15},"end":{"line":37,"column":45}},"14":{"start":{"line":38,"column":4},"end":{"line":38,"column":47}},"15":{"start":{"line":40,"column":4},"end":{"line":40,"column":16}},"16":{"start":{"line":44,"column":23},"end":{"line":44,"column":35}},"17":{"start":{"line":45,"column":15},"end":{"line":45,"column":17}},"18":{"start":{"line":46,"column":4},"end":{"line":47,"column":57}},"19":{"start":{"line":46,"column":17},"end":{"line":46,"column":18}},"20":{"start":{"line":47,"column":6},"end":{"line":47,"column":57}},"21":{"start":{"line":48,"column":4},"end":{"line":48,"column":16}},"22":{"start":{"line":52,"column":20},"end":{"line":63,"column":6}},"23":{"start":{"line":65,"column":4},"end":{"line":79,"column":5}},"24":{"start":{"line":66,"column":6},"end":{"line":78,"column":7}},"25":{"start":{"line":67,"column":8},"end":{"line":69,"column":10}},"26":{"start":{"line":71,"column":8},"end":{"line":77,"column":11}},"27":{"start":{"line":81,"column":4},"end":{"line":93,"column":7}},"28":{"start":{"line":97,"column":17},"end":{"line":97,"column":52}},"29":{"start":{"line":98,"column":4},"end":{"line":98,"column":71}},"30":{"start":{"line":98,"column":40},"end":{"line":98,"column":71}},"31":{"start":{"line":102,"column":24},"end":{"line":105,"column":6}},"32":{"start":{"line":107,"column":4},"end":{"line":107,"column":32}},"33":{"start":{"line":108,"column":4},"end":{"line":108,"column":23}},"34":{"start":{"line":112,"column":22},"end":{"line":116,"column":6}},"35":{"start":{"line":118,"column":4},"end":{"line":120,"column":5}},"36":{"start":{"line":119,"column":6},"end":{"line":119,"column":49}},"37":{"start":{"line":122,"column":24},"end":{"line":125,"column":6}},"38":{"start":{"line":127,"column":4},"end":{"line":128,"column":34}},"39":{"start":{"line":128,"column":6},"end":{"line":128,"column":34}},"40":{"start":{"line":130,"column":4},"end":{"line":130,"column":23}},"41":{"start":{"line":134,"column":17},"end":{"line":134,"column":51}},"42":{"start":{"line":135,"column":4},"end":{"line":135,"column":48}},"43":{"start":{"line":135,"column":36},"end":{"line":135,"column":48}},"44":{"start":{"line":137,"column":4},"end":{"line":138,"column":64}},"45":{"start":{"line":138,"column":6},"end":{"line":138,"column":64}},"46":{"start":{"line":140,"column":26},"end":{"line":140,"column":63}},"47":{"start":{"line":141,"column":4},"end":{"line":142,"column":66}},"48":{"start":{"line":142,"column":6},"end":{"line":142,"column":66}},"49":{"start":{"line":144,"column":24},"end":{"line":149,"column":6}},"50":{"start":{"line":151,"column":4},"end":{"line":151,"column":32}},"51":{"start":{"line":152,"column":4},"end":{"line":152,"column":23}},"52":{"start":{"line":15,"column":13},"end":{"line":15,"column":24}},"53":{"start":{"line":15,"column":13},"end":{"line":154,"column":null}}},"fnMap":{"0":{"name":"(anonymous_2)","decl":{"start":{"line":16,"column":2},"end":{"line":16,"column":7}},"loc":{"start":{"line":16,"column":39},"end":{"line":30,"column":3}}},"1":{"name":"(anonymous_3)","decl":{"start":{"line":32,"column":2},"end":{"line":32,"column":7}},"loc":{"start":{"line":32,"column":26},"end":{"line":41,"column":3}}},"2":{"name":"(anonymous_4)","decl":{"start":{"line":43,"column":2},"end":{"line":43,"column":8}},"loc":{"start":{"line":43,"column":46},"end":{"line":49,"column":3}}},"3":{"name":"(anonymous_5)","decl":{"start":{"line":51,"column":2},"end":{"line":51,"column":7}},"loc":{"start":{"line":51,"column":29},"end":{"line":94,"column":3}}},"4":{"name":"(anonymous_6)","decl":{"start":{"line":96,"column":2},"end":{"line":96,"column":7}},"loc":{"start":{"line":96,"column":31},"end":{"line":109,"column":3}}},"5":{"name":"(anonymous_7)","decl":{"start":{"line":111,"column":2},"end":{"line":111,"column":7}},"loc":{"start":{"line":111,"column":44},"end":{"line":131,"column":3}}},"6":{"name":"(anonymous_8)","decl":{"start":{"line":133,"column":2},"end":{"line":133,"column":7}},"loc":{"start":{"line":133,"column":49},"end":{"line":153,"column":3}}}},"branchMap":{"0":{"loc":{"start":{"line":26,"column":4},"end":{"line":26,"column":45}},"type":"if","locations":[{"start":{"line":26,"column":4},"end":{"line":26,"column":45}},{"start":{},"end":{}}]},"1":{"loc":{"start":{"line":37,"column":4},"end":{"line":37,"column":45}},"type":"if","locations":[{"start":{"line":37,"column":4},"end":{"line":37,"column":45}},{"start":{},"end":{}}]},"2":{"loc":{"start":{"line":65,"column":4},"end":{"line":79,"column":5}},"type":"if","locations":[{"start":{"line":65,"column":4},"end":{"line":79,"column":5}},{"start":{},"end":{}}]},"3":{"loc":{"start":{"line":66,"column":6},"end":{"line":78,"column":7}},"type":"if","locations":[{"start":{"line":66,"column":6},"end":{"line":78,"column":7}},{"start":{"line":70,"column":11},"end":{"line":78,"column":7}}]},"4":{"loc":{"start":{"line":86,"column":16},"end":{"line":86,"column":37}},"type":"binary-expr","locations":[{"start":{"line":86,"column":16},"end":{"line":86,"column":27}},{"start":{"line":86,"column":31},"end":{"line":86,"column":37}}]},"5":{"loc":{"start":{"line":98,"column":4},"end":{"line":98,"column":71}},"type":"if","locations":[{"start":{"line":98,"column":4},"end":{"line":98,"column":71}},{"start":{},"end":{}}]},"6":{"loc":{"start":{"line":118,"column":4},"end":{"line":120,"column":5}},"type":"if","locations":[{"start":{"line":118,"column":4},"end":{"line":120,"column":5}},{"start":{},"end":{}}]},"7":{"loc":{"start":{"line":127,"column":4},"end":{"line":128,"column":34}},"type":"if","locations":[{"start":{"line":127,"column":4},"end":{"line":128,"column":34}},{"start":{},"end":{}}]},"8":{"loc":{"start":{"line":135,"column":4},"end":{"line":135,"column":48}},"type":"if","locations":[{"start":{"line":135,"column":4},"end":{"line":135,"column":48}},{"start":{},"end":{}}]},"9":{"loc":{"start":{"line":137,"column":4},"end":{"line":138,"column":64}},"type":"if","locations":[{"start":{"line":137,"column":4},"end":{"line":138,"column":64}},{"start":{},"end":{}}]},"10":{"loc":{"start":{"line":141,"column":4},"end":{"line":142,"column":66}},"type":"if","locations":[{"start":{"line":141,"column":4},"end":{"line":142,"column":66}},{"start":{},"end":{}}]}},"s":{"0":3,"1":3,"2":3,"3":3,"4":3,"5":3,"6":8,"7":8,"8":1,"9":7,"10":7,"11":2,"12":2,"13":1,"14":1,"15":1,"16":2,"17":2,"18":2,"19":2,"20":12,"21":2,"22":3,"23":3,"24":2,"25":1,"26":1,"27":1,"28":2,"29":2,"30":1,"31":1,"32":1,"33":1,"34":1,"35":1,"36":1,"37":1,"38":1,"39":1,"40":1,"41":4,"42":4,"43":1,"44":3,"45":1,"46":2,"47":2,"48":1,"49":1,"50":1,"51":1,"52":3,"53":3},"f":{"0":8,"1":2,"2":2,"3":3,"4":2,"5":1,"6":4},"b":{"0":[1,7],"1":[1,1],"2":[2,1],"3":[1,1],"4":[1,0],"5":[1,1],"6":[1,0],"7":[1,0],"8":[1,3],"9":[1,2],"10":[1,1]}}
}
