{"C:\\Users\\mayko\\LuizTools\\web23-projects\\cerberus\\cerberus\\backend\\src\\auth\\auth.controller.ts": {"path":"C:\\Users\\mayko\\LuizTools\\web23-projects\\cerberus\\cerberus\\backend\\src\\auth\\auth.controller.ts","statementMap":{"0":{"start":{"line":1,"column":0},"end":{"line":1,"column":null}},"1":{"start":{"line":9,"column":0},"end":{"line":9,"column":37}},"2":{"start":{"line":10,"column":0},"end":{"line":10,"column":43}},"3":{"start":{"line":11,"column":0},"end":{"line":11,"column":51}},"4":{"start":{"line":12,"column":0},"end":{"line":12,"column":44}},"5":{"start":{"line":13,"column":0},"end":{"line":13,"column":55}},"6":{"start":{"line":14,"column":0},"end":{"line":14,"column":31}},"7":{"start":{"line":15,"column":0},"end":{"line":15,"column":45}},"8":{"start":{"line":16,"column":0},"end":{"line":16,"column":32}},"9":{"start":{"line":19,"column":7},"end":{"line":116,"column":null}},"10":{"start":{"line":21,"column":21},"end":{"line":21,"column":34}},"11":{"start":{"line":22,"column":21},"end":{"line":22,"column":36}},"12":{"start":{"line":23,"column":21},"end":{"line":23,"column":34}},"13":{"start":{"line":28,"column":23},"end":{"line":28,"column":45}},"14":{"start":{"line":29,"column":4},"end":{"line":30,"column":58}},"15":{"start":{"line":30,"column":6},"end":{"line":30,"column":58}},"16":{"start":{"line":32,"column":20},"end":{"line":32,"column":79}},"17":{"start":{"line":35,"column":4},"end":{"line":39,"column":5}},"18":{"start":{"line":36,"column":6},"end":{"line":36,"column":58}},"19":{"start":{"line":38,"column":6},"end":{"line":38,"column":55}},"20":{"start":{"line":41,"column":4},"end":{"line":53,"column":5}},"21":{"start":{"line":42,"column":19},"end":{"line":42,"column":65}},"22":{"start":{"line":43,"column":6},"end":{"line":44,"column":56}},"23":{"start":{"line":44,"column":8},"end":{"line":44,"column":56}},"24":{"start":{"line":46,"column":6},"end":{"line":52,"column":16}},"25":{"start":{"line":55,"column":4},"end":{"line":55,"column":72}},"26":{"start":{"line":60,"column":17},"end":{"line":60,"column":53}},"27":{"start":{"line":62,"column":4},"end":{"line":78,"column":7}},"28":{"start":{"line":80,"column":4},"end":{"line":80,"column":16}},"29":{"start":{"line":88,"column":17},"end":{"line":88,"column":66}},"30":{"start":{"line":90,"column":4},"end":{"line":106,"column":7}},"31":{"start":{"line":108,"column":4},"end":{"line":114,"column":14}},"32":{"start":{"line":19,"column":13},"end":{"line":19,"column":27}},"33":{"start":{"line":27,"column":8},"end":{"line":56,"column":null}},"34":{"start":{"line":59,"column":8},"end":{"line":81,"column":null}},"35":{"start":{"line":84,"column":8},"end":{"line":115,"column":null}},"36":{"start":{"line":19,"column":13},"end":{"line":116,"column":null}}},"fnMap":{"0":{"name":"(anonymous_5)","decl":{"start":{"line":20,"column":2},"end":{"line":20,"column":null}},"loc":{"start":{"line":23,"column":45},"end":{"line":24,"column":6}}},"1":{"name":"(anonymous_6)","decl":{"start":{"line":27,"column":8},"end":{"line":27,"column":14}},"loc":{"start":{"line":27,"column":36},"end":{"line":56,"column":3}}},"2":{"name":"(anonymous_7)","decl":{"start":{"line":59,"column":8},"end":{"line":59,"column":14}},"loc":{"start":{"line":59,"column":36},"end":{"line":81,"column":3}}},"3":{"name":"(anonymous_8)","decl":{"start":{"line":84,"column":8},"end":{"line":84,"column":16}},"loc":{"start":{"line":86,"column":31},"end":{"line":115,"column":3}}}},"branchMap":{"0":{"loc":{"start":{"line":29,"column":4},"end":{"line":30,"column":58}},"type":"if","locations":[{"start":{"line":29,"column":4},"end":{"line":30,"column":58}},{"start":{},"end":{}}]},"1":{"loc":{"start":{"line":41,"column":4},"end":{"line":53,"column":5}},"type":"if","locations":[{"start":{"line":41,"column":4},"end":{"line":53,"column":5}},{"start":{},"end":{}}]},"2":{"loc":{"start":{"line":43,"column":6},"end":{"line":44,"column":56}},"type":"if","locations":[{"start":{"line":43,"column":6},"end":{"line":44,"column":56}},{"start":{},"end":{}}]},"3":{"loc":{"start":{"line":27,"column":29},"end":{"line":27,"column":39}},"type":"cond-expr","locations":[{"start":{"line":27,"column":36},"end":{"line":27,"column":39}},{"start":{"line":27,"column":36},"end":{"line":27,"column":39}}]},"4":{"loc":{"start":{"line":27,"column":29},"end":{"line":27,"column":36}},"type":"binary-expr","locations":[{"start":{"line":27,"column":29},"end":{"line":27,"column":39}},{"start":{"line":27,"column":29},"end":{"line":27,"column":36}}]},"5":{"loc":{"start":{"line":27,"column":39},"end":{"line":27,"column":null}},"type":"cond-expr","locations":[{"start":{"line":27,"column":46},"end":{"line":27,"column":null}},{"start":{"line":27,"column":46},"end":{"line":27,"column":null}}]},"6":{"loc":{"start":{"line":27,"column":39},"end":{"line":27,"column":46}},"type":"binary-expr","locations":[{"start":{"line":27,"column":39},"end":{"line":27,"column":null}},{"start":{"line":27,"column":39},"end":{"line":27,"column":46}}]},"7":{"loc":{"start":{"line":59,"column":29},"end":{"line":59,"column":39}},"type":"cond-expr","locations":[{"start":{"line":59,"column":36},"end":{"line":59,"column":39}},{"start":{"line":59,"column":36},"end":{"line":59,"column":39}}]},"8":{"loc":{"start":{"line":59,"column":29},"end":{"line":59,"column":36}},"type":"binary-expr","locations":[{"start":{"line":59,"column":29},"end":{"line":59,"column":39}},{"start":{"line":59,"column":29},"end":{"line":59,"column":36}}]},"9":{"loc":{"start":{"line":59,"column":39},"end":{"line":59,"column":null}},"type":"cond-expr","locations":[{"start":{"line":59,"column":46},"end":{"line":59,"column":null}},{"start":{"line":59,"column":46},"end":{"line":59,"column":null}}]},"10":{"loc":{"start":{"line":59,"column":39},"end":{"line":59,"column":46}},"type":"binary-expr","locations":[{"start":{"line":59,"column":39},"end":{"line":59,"column":null}},{"start":{"line":59,"column":39},"end":{"line":59,"column":46}}]},"11":{"loc":{"start":{"line":87,"column":5},"end":{"line":87,"column":null}},"type":"cond-expr","locations":[{"start":{"line":87,"column":12},"end":{"line":87,"column":null}},{"start":{"line":87,"column":12},"end":{"line":87,"column":null}}]},"12":{"loc":{"start":{"line":87,"column":5},"end":{"line":87,"column":12}},"type":"binary-expr","locations":[{"start":{"line":87,"column":5},"end":{"line":87,"column":null}},{"start":{"line":87,"column":5},"end":{"line":87,"column":12}}]},"13":{"loc":{"start":{"line":21,"column":34},"end":{"line":21,"column":null}},"type":"cond-expr","locations":[{"start":{"line":21,"column":45},"end":{"line":21,"column":null}},{"start":{"line":21,"column":45},"end":{"line":21,"column":null}}]},"14":{"loc":{"start":{"line":21,"column":34},"end":{"line":21,"column":45}},"type":"binary-expr","locations":[{"start":{"line":21,"column":34},"end":{"line":21,"column":null}},{"start":{"line":21,"column":34},"end":{"line":21,"column":45}}]},"15":{"loc":{"start":{"line":21,"column":45},"end":{"line":22,"column":null}},"type":"cond-expr","locations":[{"start":{"line":22,"column":49},"end":{"line":22,"column":null}},{"start":{"line":22,"column":49},"end":{"line":22,"column":null}}]},"16":{"loc":{"start":{"line":21,"column":45},"end":{"line":22,"column":49}},"type":"binary-expr","locations":[{"start":{"line":21,"column":45},"end":{"line":22,"column":null}},{"start":{"line":22,"column":36},"end":{"line":22,"column":49}}]},"17":{"loc":{"start":{"line":22,"column":49},"end":{"line":23,"column":null}},"type":"cond-expr","locations":[{"start":{"line":23,"column":45},"end":{"line":23,"column":null}},{"start":{"line":23,"column":45},"end":{"line":23,"column":null}}]},"18":{"loc":{"start":{"line":22,"column":49},"end":{"line":23,"column":45}},"type":"binary-expr","locations":[{"start":{"line":22,"column":49},"end":{"line":23,"column":null}},{"start":{"line":23,"column":34},"end":{"line":23,"column":45}}]}},"s":{"0":1,"1":1,"2":1,"3":1,"4":1,"5":1,"6":1,"7":1,"8":1,"9":1,"10":1,"11":1,"12":1,"13":5,"14":5,"15":1,"16":4,"17":4,"18":4,"19":1,"20":3,"21":2,"22":2,"23":1,"24":1,"25":1,"26":1,"27":1,"28":1,"29":1,"30":1,"31":1,"32":1,"33":1,"34":1,"35":1,"36":1},"f":{"0":1,"1":5,"2":1,"3":1},"b":{"0":[1,4],"1":[2,1],"2":[1,1],"3":[1,0],"4":[1,1],"5":[1,0],"6":[1,1],"7":[1,0],"8":[1,1],"9":[1,0],"10":[1,1],"11":[1,0],"12":[1,1],"13":[1,0],"14":[1,1],"15":[1,0],"16":[1,1],"17":[1,0],"18":[1,1]}}
,"C:\\Users\\mayko\\LuizTools\\web23-projects\\cerberus\\cerberus\\backend\\src\\auth\\auth.service.ts": {"path":"C:\\Users\\mayko\\LuizTools\\web23-projects\\cerberus\\cerberus\\backend\\src\\auth\\auth.service.ts","statementMap":{"0":{"start":{"line":1,"column":0},"end":{"line":1,"column":67}},"1":{"start":{"line":2,"column":0},"end":{"line":2,"column":41}},"2":{"start":{"line":4,"column":0},"end":{"line":4,"column":31}},"3":{"start":{"line":7,"column":7},"end":{"line":31,"column":null}},"4":{"start":{"line":8,"column":31},"end":{"line":8,"column":43}},"5":{"start":{"line":11,"column":4},"end":{"line":14,"column":7}},"6":{"start":{"line":18,"column":4},"end":{"line":18,"column":79}},"7":{"start":{"line":22,"column":8},"end":{"line":29,"column":9}},"8":{"start":{"line":23,"column":12},"end":{"line":25,"column":15}},"9":{"start":{"line":28,"column":12},"end":{"line":28,"column":60}},"10":{"start":{"line":7,"column":13},"end":{"line":7,"column":24}},"11":{"start":{"line":7,"column":13},"end":{"line":31,"column":null}}},"fnMap":{"0":{"name":"(anonymous_3)","decl":{"start":{"line":8,"column":2},"end":{"line":8,"column":31}},"loc":{"start":{"line":8,"column":53},"end":{"line":8,"column":57}}},"1":{"name":"(anonymous_4)","decl":{"start":{"line":10,"column":2},"end":{"line":10,"column":7}},"loc":{"start":{"line":10,"column":32},"end":{"line":15,"column":3}}},"2":{"name":"(anonymous_5)","decl":{"start":{"line":17,"column":2},"end":{"line":17,"column":13}},"loc":{"start":{"line":17,"column":35},"end":{"line":19,"column":3}}},"3":{"name":"(anonymous_6)","decl":{"start":{"line":21,"column":2},"end":{"line":21,"column":7}},"loc":{"start":{"line":21,"column":32},"end":{"line":30,"column":5}}}},"branchMap":{"0":{"loc":{"start":{"line":8,"column":43},"end":{"line":8,"column":56}},"type":"cond-expr","locations":[{"start":{"line":8,"column":53},"end":{"line":8,"column":56}},{"start":{"line":8,"column":53},"end":{"line":8,"column":56}}]},"1":{"loc":{"start":{"line":8,"column":43},"end":{"line":8,"column":53}},"type":"binary-expr","locations":[{"start":{"line":8,"column":43},"end":{"line":8,"column":56}},{"start":{"line":8,"column":43},"end":{"line":8,"column":53}}]}},"s":{"0":5,"1":5,"2":5,"3":5,"4":1,"5":1,"6":1,"7":2,"8":2,"9":1,"10":5,"11":5},"f":{"0":1,"1":1,"2":1,"3":2},"b":{"0":[5,0],"1":[5,5]}}
,"C:\\Users\\mayko\\LuizTools\\web23-projects\\cerberus\\cerberus\\backend\\src\\automation\\automation.controller.ts": {"path":"C:\\Users\\mayko\\LuizTools\\web23-projects\\cerberus\\cerberus\\backend\\src\\automation\\automation.controller.ts","statementMap":{"0":{"start":{"line":1,"column":0},"end":{"line":1,"column":null}},"1":{"start":{"line":14,"column":0},"end":{"line":14,"column":51}},"2":{"start":{"line":15,"column":0},"end":{"line":15,"column":51}},"3":{"start":{"line":16,"column":0},"end":{"line":16,"column":51}},"4":{"start":{"line":17,"column":0},"end":{"line":17,"column":57}},"5":{"start":{"line":18,"column":0},"end":{"line":18,"column":47}},"6":{"start":{"line":19,"column":0},"end":{"line":19,"column":49}},"7":{"start":{"line":22,"column":7},"end":{"line":188,"column":null}},"8":{"start":{"line":24,"column":21},"end":{"line":24,"column":40}},"9":{"start":{"line":25,"column":21},"end":{"line":25,"column":34}},"10":{"start":{"line":26,"column":21},"end":{"line":26,"column":34}},"11":{"start":{"line":27,"column":21},"end":{"line":27,"column":34}},"12":{"start":{"line":36,"column":16},"end":{"line":36,"column":59}},"13":{"start":{"line":37,"column":17},"end":{"line":37,"column":59}},"14":{"start":{"line":38,"column":4},"end":{"line":41,"column":8}},"15":{"start":{"line":39,"column":6},"end":{"line":41,"column":8}},"16":{"start":{"line":43,"column":29},"end":{"line":45,"column":null}},"17":{"start":{"line":48,"column":4},"end":{"line":59,"column":5}},"18":{"start":{"line":49,"column":19},"end":{"line":49,"column":68}},"19":{"start":{"line":50,"column":24},"end":{"line":52,"column":34}},"20":{"start":{"line":53,"column":6},"end":{"line":53,"column":46}},"21":{"start":{"line":53,"column":22},"end":{"line":53,"column":46}},"22":{"start":{"line":56,"column":8},"end":{"line":56,"column":76}},"23":{"start":{"line":61,"column":4},"end":{"line":61,"column":28}},"24":{"start":{"line":71,"column":16},"end":{"line":71,"column":59}},"25":{"start":{"line":72,"column":17},"end":{"line":72,"column":59}},"26":{"start":{"line":73,"column":4},"end":{"line":76,"column":8}},"27":{"start":{"line":74,"column":6},"end":{"line":76,"column":8}},"28":{"start":{"line":78,"column":29},"end":{"line":81,"column":null}},"29":{"start":{"line":83,"column":4},"end":{"line":84,"column":30}},"30":{"start":{"line":84,"column":6},"end":{"line":84,"column":30}},"31":{"start":{"line":86,"column":22},"end":{"line":88,"column":32}},"32":{"start":{"line":90,"column":4},"end":{"line":90,"column":66}},"33":{"start":{"line":90,"column":42},"end":{"line":90,"column":66}},"34":{"start":{"line":92,"column":17},"end":{"line":92,"column":66}},"35":{"start":{"line":95,"column":6},"end":{"line":95,"column":74}},"36":{"start":{"line":101,"column":4},"end":{"line":101,"column":28}},"37":{"start":{"line":110,"column":16},"end":{"line":110,"column":59}},"38":{"start":{"line":111,"column":17},"end":{"line":111,"column":59}},"39":{"start":{"line":112,"column":4},"end":{"line":115,"column":8}},"40":{"start":{"line":113,"column":6},"end":{"line":115,"column":8}},"41":{"start":{"line":117,"column":23},"end":{"line":119,"column":null}},"42":{"start":{"line":121,"column":4},"end":{"line":121,"column":46}},"43":{"start":{"line":121,"column":28},"end":{"line":121,"column":46}},"44":{"start":{"line":123,"column":22},"end":{"line":125,"column":32}},"45":{"start":{"line":127,"column":4},"end":{"line":127,"column":60}},"46":{"start":{"line":127,"column":42},"end":{"line":127,"column":60}},"47":{"start":{"line":129,"column":17},"end":{"line":129,"column":66}},"48":{"start":{"line":132,"column":6},"end":{"line":132,"column":74}},"49":{"start":{"line":138,"column":4},"end":{"line":138,"column":22}},"50":{"start":{"line":147,"column":16},"end":{"line":147,"column":59}},"51":{"start":{"line":148,"column":4},"end":{"line":148,"column":65}},"52":{"start":{"line":157,"column":16},"end":{"line":157,"column":59}},"53":{"start":{"line":158,"column":4},"end":{"line":158,"column":67}},"54":{"start":{"line":164,"column":16},"end":{"line":164,"column":59}},"55":{"start":{"line":165,"column":4},"end":{"line":165,"column":67}},"56":{"start":{"line":174,"column":16},"end":{"line":174,"column":59}},"57":{"start":{"line":175,"column":4},"end":{"line":175,"column":64}},"58":{"start":{"line":185,"column":16},"end":{"line":185,"column":59}},"59":{"start":{"line":186,"column":4},"end":{"line":186,"column":77}},"60":{"start":{"line":22,"column":13},"end":{"line":22,"column":33}},"61":{"start":{"line":32,"column":8},"end":{"line":62,"column":null}},"62":{"start":{"line":66,"column":8},"end":{"line":102,"column":null}},"63":{"start":{"line":106,"column":8},"end":{"line":139,"column":null}},"64":{"start":{"line":143,"column":8},"end":{"line":149,"column":null}},"65":{"start":{"line":153,"column":8},"end":{"line":159,"column":null}},"66":{"start":{"line":163,"column":8},"end":{"line":166,"column":null}},"67":{"start":{"line":170,"column":8},"end":{"line":176,"column":null}},"68":{"start":{"line":180,"column":8},"end":{"line":187,"column":null}},"69":{"start":{"line":22,"column":13},"end":{"line":188,"column":null}}},"fnMap":{"0":{"name":"(anonymous_4)","decl":{"start":{"line":23,"column":2},"end":{"line":23,"column":null}},"loc":{"start":{"line":27,"column":45},"end":{"line":28,"column":6}}},"1":{"name":"(anonymous_5)","decl":{"start":{"line":32,"column":8},"end":{"line":32,"column":21}},"loc":{"start":{"line":34,"column":51},"end":{"line":62,"column":3}}},"2":{"name":"(anonymous_6)","decl":{"start":{"line":66,"column":8},"end":{"line":66,"column":24}},"loc":{"start":{"line":69,"column":51},"end":{"line":102,"column":3}}},"3":{"name":"(anonymous_7)","decl":{"start":{"line":106,"column":8},"end":{"line":106,"column":23}},"loc":{"start":{"line":108,"column":51},"end":{"line":139,"column":3}}},"4":{"name":"(anonymous_8)","decl":{"start":{"line":143,"column":8},"end":{"line":143,"column":22}},"loc":{"start":{"line":145,"column":51},"end":{"line":149,"column":3}}},"5":{"name":"(anonymous_9)","decl":{"start":{"line":153,"column":8},"end":{"line":153,"column":24}},"loc":{"start":{"line":155,"column":51},"end":{"line":159,"column":3}}},"6":{"name":"(anonymous_10)","decl":{"start":{"line":163,"column":8},"end":{"line":163,"column":28}},"loc":{"start":{"line":163,"column":76},"end":{"line":166,"column":3}}},"7":{"name":"(anonymous_11)","decl":{"start":{"line":170,"column":8},"end":{"line":170,"column":21}},"loc":{"start":{"line":172,"column":51},"end":{"line":176,"column":3}}},"8":{"name":"(anonymous_12)","decl":{"start":{"line":180,"column":8},"end":{"line":180,"column":22}},"loc":{"start":{"line":183,"column":54},"end":{"line":187,"column":3}}}},"branchMap":{"0":{"loc":{"start":{"line":38,"column":4},"end":{"line":41,"column":8}},"type":"if","locations":[{"start":{"line":38,"column":4},"end":{"line":41,"column":8}},{"start":{},"end":{}}]},"1":{"loc":{"start":{"line":48,"column":4},"end":{"line":59,"column":5}},"type":"if","locations":[{"start":{"line":48,"column":4},"end":{"line":59,"column":5}},{"start":{},"end":{}}]},"2":{"loc":{"start":{"line":48,"column":8},"end":{"line":48,"column":48}},"type":"binary-expr","locations":[{"start":{"line":48,"column":8},"end":{"line":48,"column":27}},{"start":{"line":48,"column":31},"end":{"line":48,"column":48}}]},"3":{"loc":{"start":{"line":50,"column":24},"end":{"line":52,"column":34}},"type":"cond-expr","locations":[{"start":{"line":51,"column":10},"end":{"line":51,"column":35}},{"start":{"line":52,"column":10},"end":{"line":52,"column":34}}]},"4":{"loc":{"start":{"line":53,"column":6},"end":{"line":53,"column":46}},"type":"if","locations":[{"start":{"line":53,"column":6},"end":{"line":53,"column":46}},{"start":{},"end":{}}]},"5":{"loc":{"start":{"line":56,"column":8},"end":{"line":56,"column":76}},"type":"cond-expr","locations":[{"start":{"line":56,"column":51},"end":{"line":56,"column":62}},{"start":{"line":56,"column":65},"end":{"line":56,"column":76}}]},"6":{"loc":{"start":{"line":73,"column":4},"end":{"line":76,"column":8}},"type":"if","locations":[{"start":{"line":73,"column":4},"end":{"line":76,"column":8}},{"start":{},"end":{}}]},"7":{"loc":{"start":{"line":83,"column":4},"end":{"line":84,"column":30}},"type":"if","locations":[{"start":{"line":83,"column":4},"end":{"line":84,"column":30}},{"start":{},"end":{}}]},"8":{"loc":{"start":{"line":83,"column":8},"end":{"line":83,"column":62}},"type":"binary-expr","locations":[{"start":{"line":83,"column":8},"end":{"line":83,"column":32}},{"start":{"line":83,"column":36},"end":{"line":83,"column":62}}]},"9":{"loc":{"start":{"line":86,"column":22},"end":{"line":88,"column":32}},"type":"cond-expr","locations":[{"start":{"line":87,"column":8},"end":{"line":87,"column":33}},{"start":{"line":88,"column":8},"end":{"line":88,"column":32}}]},"10":{"loc":{"start":{"line":90,"column":4},"end":{"line":90,"column":66}},"type":"if","locations":[{"start":{"line":90,"column":4},"end":{"line":90,"column":66}},{"start":{},"end":{}}]},"11":{"loc":{"start":{"line":90,"column":8},"end":{"line":90,"column":40}},"type":"binary-expr","locations":[{"start":{"line":90,"column":8},"end":{"line":90,"column":18}},{"start":{"line":90,"column":22},"end":{"line":90,"column":40}}]},"12":{"loc":{"start":{"line":95,"column":6},"end":{"line":95,"column":74}},"type":"cond-expr","locations":[{"start":{"line":95,"column":49},"end":{"line":95,"column":60}},{"start":{"line":95,"column":63},"end":{"line":95,"column":74}}]},"13":{"loc":{"start":{"line":112,"column":4},"end":{"line":115,"column":8}},"type":"if","locations":[{"start":{"line":112,"column":4},"end":{"line":115,"column":8}},{"start":{},"end":{}}]},"14":{"loc":{"start":{"line":121,"column":4},"end":{"line":121,"column":46}},"type":"if","locations":[{"start":{"line":121,"column":4},"end":{"line":121,"column":46}},{"start":{},"end":{}}]},"15":{"loc":{"start":{"line":123,"column":22},"end":{"line":125,"column":32}},"type":"cond-expr","locations":[{"start":{"line":124,"column":8},"end":{"line":124,"column":33}},{"start":{"line":125,"column":8},"end":{"line":125,"column":32}}]},"16":{"loc":{"start":{"line":127,"column":4},"end":{"line":127,"column":60}},"type":"if","locations":[{"start":{"line":127,"column":4},"end":{"line":127,"column":60}},{"start":{},"end":{}}]},"17":{"loc":{"start":{"line":127,"column":8},"end":{"line":127,"column":40}},"type":"binary-expr","locations":[{"start":{"line":127,"column":8},"end":{"line":127,"column":18}},{"start":{"line":127,"column":22},"end":{"line":127,"column":40}}]},"18":{"loc":{"start":{"line":132,"column":6},"end":{"line":132,"column":74}},"type":"cond-expr","locations":[{"start":{"line":132,"column":49},"end":{"line":132,"column":60}},{"start":{"line":132,"column":63},"end":{"line":132,"column":74}}]},"19":{"loc":{"start":{"line":33,"column":24},"end":{"line":33,"column":null}},"type":"cond-expr","locations":[{"start":{"line":33,"column":37},"end":{"line":33,"column":null}},{"start":{"line":33,"column":37},"end":{"line":33,"column":null}}]},"20":{"loc":{"start":{"line":33,"column":24},"end":{"line":33,"column":37}},"type":"binary-expr","locations":[{"start":{"line":33,"column":24},"end":{"line":33,"column":null}},{"start":{"line":33,"column":24},"end":{"line":33,"column":37}}]},"21":{"loc":{"start":{"line":68,"column":24},"end":{"line":68,"column":null}},"type":"cond-expr","locations":[{"start":{"line":68,"column":37},"end":{"line":68,"column":null}},{"start":{"line":68,"column":37},"end":{"line":68,"column":null}}]},"22":{"loc":{"start":{"line":68,"column":24},"end":{"line":68,"column":37}},"type":"binary-expr","locations":[{"start":{"line":68,"column":24},"end":{"line":68,"column":null}},{"start":{"line":68,"column":24},"end":{"line":68,"column":37}}]},"23":{"loc":{"start":{"line":24,"column":40},"end":{"line":24,"column":null}},"type":"cond-expr","locations":[{"start":{"line":24,"column":57},"end":{"line":24,"column":null}},{"start":{"line":24,"column":57},"end":{"line":24,"column":null}}]},"24":{"loc":{"start":{"line":24,"column":40},"end":{"line":24,"column":57}},"type":"binary-expr","locations":[{"start":{"line":24,"column":40},"end":{"line":24,"column":null}},{"start":{"line":24,"column":40},"end":{"line":24,"column":57}}]},"25":{"loc":{"start":{"line":24,"column":57},"end":{"line":25,"column":null}},"type":"cond-expr","locations":[{"start":{"line":25,"column":45},"end":{"line":25,"column":null}},{"start":{"line":25,"column":45},"end":{"line":25,"column":null}}]},"26":{"loc":{"start":{"line":24,"column":57},"end":{"line":25,"column":45}},"type":"binary-expr","locations":[{"start":{"line":24,"column":57},"end":{"line":25,"column":null}},{"start":{"line":25,"column":34},"end":{"line":25,"column":45}}]},"27":{"loc":{"start":{"line":25,"column":45},"end":{"line":26,"column":null}},"type":"cond-expr","locations":[{"start":{"line":26,"column":45},"end":{"line":26,"column":null}},{"start":{"line":26,"column":45},"end":{"line":26,"column":null}}]},"28":{"loc":{"start":{"line":25,"column":45},"end":{"line":26,"column":45}},"type":"binary-expr","locations":[{"start":{"line":25,"column":45},"end":{"line":26,"column":null}},{"start":{"line":26,"column":34},"end":{"line":26,"column":45}}]},"29":{"loc":{"start":{"line":26,"column":45},"end":{"line":27,"column":null}},"type":"cond-expr","locations":[{"start":{"line":27,"column":45},"end":{"line":27,"column":null}},{"start":{"line":27,"column":45},"end":{"line":27,"column":null}}]},"30":{"loc":{"start":{"line":26,"column":45},"end":{"line":27,"column":45}},"type":"binary-expr","locations":[{"start":{"line":26,"column":45},"end":{"line":27,"column":null}},{"start":{"line":27,"column":34},"end":{"line":27,"column":45}}]}},"s":{"0":1,"1":1,"2":1,"3":1,"4":1,"5":1,"6":1,"7":1,"8":1,"9":1,"10":1,"11":1,"12":4,"13":4,"14":4,"15":1,"16":3,"17":3,"18":3,"19":3,"20":3,"21":1,"22":2,"23":2,"24":6,"25":6,"26":6,"27":1,"28":5,"29":5,"30":1,"31":4,"32":4,"33":1,"34":3,"35":3,"36":3,"37":5,"38":5,"39":5,"40":1,"41":4,"42":4,"43":1,"44":3,"45":3,"46":1,"47":2,"48":2,"49":2,"50":1,"51":1,"52":1,"53":1,"54":1,"55":1,"56":1,"57":1,"58":1,"59":1,"60":1,"61":1,"62":1,"63":1,"64":1,"65":1,"66":1,"67":1,"68":1,"69":1},"f":{"0":1,"1":4,"2":6,"3":5,"4":1,"5":1,"6":1,"7":1,"8":1},"b":{"0":[1,3],"1":[3,0],"2":[3,3],"3":[1,2],"4":[1,2],"5":[1,1],"6":[1,5],"7":[1,4],"8":[5,4],"9":[1,3],"10":[1,3],"11":[4,3],"12":[2,1],"13":[1,4],"14":[1,3],"15":[1,2],"16":[1,2],"17":[3,2],"18":[1,1],"19":[1,0],"20":[1,1],"21":[1,0],"22":[1,1],"23":[1,0],"24":[1,1],"25":[1,0],"26":[1,1],"27":[1,0],"28":[1,1],"29":[1,0],"30":[1,1]}}
,"C:\\Users\\mayko\\LuizTools\\web23-projects\\cerberus\\cerberus\\backend\\src\\automation\\automation.service.ts": {"path":"C:\\Users\\mayko\\LuizTools\\web23-projects\\cerberus\\cerberus\\backend\\src\\automation\\automation.service.ts","statementMap":{"0":{"start":{"line":1,"column":0},"end":{"line":1,"column":44}},"1":{"start":{"line":4,"column":0},"end":{"line":4,"column":23}},"2":{"start":{"line":7,"column":7},"end":{"line":96,"column":null}},"3":{"start":{"line":9,"column":4},"end":{"line":11,"column":7}},"4":{"start":{"line":19,"column":4},"end":{"line":23,"column":7}},"5":{"start":{"line":27,"column":4},"end":{"line":29,"column":7}},"6":{"start":{"line":36,"column":4},"end":{"line":49,"column":7}},"7":{"start":{"line":57,"column":4},"end":{"line":70,"column":7}},"8":{"start":{"line":74,"column":4},"end":{"line":79,"column":7}},"9":{"start":{"line":83,"column":4},"end":{"line":88,"column":7}},"10":{"start":{"line":92,"column":4},"end":{"line":94,"column":7}},"11":{"start":{"line":7,"column":13},"end":{"line":7,"column":30}},"12":{"start":{"line":7,"column":13},"end":{"line":96,"column":null}}},"fnMap":{"0":{"name":"(anonymous_2)","decl":{"start":{"line":8,"column":2},"end":{"line":8,"column":7}},"loc":{"start":{"line":8,"column":48},"end":{"line":12,"column":3}}},"1":{"name":"(anonymous_3)","decl":{"start":{"line":14,"column":2},"end":{"line":14,"column":7}},"loc":{"start":{"line":17,"column":25},"end":{"line":24,"column":3}}},"2":{"name":"(anonymous_4)","decl":{"start":{"line":26,"column":2},"end":{"line":26,"column":7}},"loc":{"start":{"line":26,"column":43},"end":{"line":30,"column":3}}},"3":{"name":"(anonymous_5)","decl":{"start":{"line":32,"column":2},"end":{"line":32,"column":7}},"loc":{"start":{"line":34,"column":29},"end":{"line":50,"column":3}}},"4":{"name":"(anonymous_6)","decl":{"start":{"line":52,"column":2},"end":{"line":52,"column":7}},"loc":{"start":{"line":55,"column":29},"end":{"line":71,"column":3}}},"5":{"name":"(anonymous_7)","decl":{"start":{"line":73,"column":2},"end":{"line":73,"column":7}},"loc":{"start":{"line":73,"column":50},"end":{"line":80,"column":3}}},"6":{"name":"(anonymous_8)","decl":{"start":{"line":82,"column":2},"end":{"line":82,"column":7}},"loc":{"start":{"line":82,"column":49},"end":{"line":89,"column":3}}},"7":{"name":"(anonymous_9)","decl":{"start":{"line":91,"column":2},"end":{"line":91,"column":7}},"loc":{"start":{"line":91,"column":51},"end":{"line":95,"column":3}}}},"branchMap":{"0":{"loc":{"start":{"line":16,"column":4},"end":{"line":16,"column":20}},"type":"default-arg","locations":[{"start":{"line":16,"column":19},"end":{"line":16,"column":20}}]},"1":{"loc":{"start":{"line":17,"column":4},"end":{"line":17,"column":25}},"type":"default-arg","locations":[{"start":{"line":17,"column":23},"end":{"line":17,"column":25}}]},"2":{"loc":{"start":{"line":42,"column":18},"end":{"line":42,"column":46}},"type":"binary-expr","locations":[{"start":{"line":42,"column":18},"end":{"line":42,"column":37}},{"start":{"line":42,"column":41},"end":{"line":42,"column":46}}]},"3":{"loc":{"start":{"line":43,"column":18},"end":{"line":43,"column":46}},"type":"binary-expr","locations":[{"start":{"line":43,"column":18},"end":{"line":43,"column":37}},{"start":{"line":43,"column":41},"end":{"line":43,"column":46}}]},"4":{"loc":{"start":{"line":63,"column":24},"end":{"line":63,"column":62}},"type":"binary-expr","locations":[{"start":{"line":63,"column":24},"end":{"line":63,"column":49}},{"start":{"line":63,"column":53},"end":{"line":63,"column":62}}]},"5":{"loc":{"start":{"line":64,"column":18},"end":{"line":64,"column":46}},"type":"binary-expr","locations":[{"start":{"line":64,"column":18},"end":{"line":64,"column":37}},{"start":{"line":64,"column":41},"end":{"line":64,"column":46}}]},"6":{"loc":{"start":{"line":65,"column":18},"end":{"line":65,"column":46}},"type":"binary-expr","locations":[{"start":{"line":65,"column":18},"end":{"line":65,"column":37}},{"start":{"line":65,"column":41},"end":{"line":65,"column":46}}]}},"s":{"0":2,"1":2,"2":2,"3":1,"4":1,"5":1,"6":2,"7":2,"8":1,"9":1,"10":1,"11":2,"12":2},"f":{"0":1,"1":1,"2":1,"3":2,"4":2,"5":1,"6":1,"7":1},"b":{"0":[1],"1":[1],"2":[2,1],"3":[2,2],"4":[2,0],"5":[2,1],"6":[2,2]}}
,"C:\\Users\\mayko\\LuizTools\\web23-projects\\cerberus\\cerberus\\backend\\src\\pool\\pool.controller.ts": {"path":"C:\\Users\\mayko\\LuizTools\\web23-projects\\cerberus\\cerberus\\backend\\src\\pool\\pool.controller.ts","statementMap":{"0":{"start":{"line":1,"column":0},"end":{"line":1,"column":null}},"1":{"start":{"line":10,"column":0},"end":{"line":10,"column":45}},"2":{"start":{"line":11,"column":0},"end":{"line":11,"column":47}},"3":{"start":{"line":14,"column":7},"end":{"line":55,"column":null}},"4":{"start":{"line":15,"column":31},"end":{"line":15,"column":44}},"5":{"start":{"line":20,"column":4},"end":{"line":20,"column":45}},"6":{"start":{"line":26,"column":4},"end":{"line":26,"column":42}},"7":{"start":{"line":32,"column":17},"end":{"line":32,"column":51}},"8":{"start":{"line":33,"column":4},"end":{"line":33,"column":45}},"9":{"start":{"line":33,"column":15},"end":{"line":33,"column":45}},"10":{"start":{"line":34,"column":4},"end":{"line":34,"column":16}},"11":{"start":{"line":42,"column":18},"end":{"line":42,"column":59}},"12":{"start":{"line":43,"column":4},"end":{"line":43,"column":63}},"13":{"start":{"line":43,"column":33},"end":{"line":43,"column":63}},"14":{"start":{"line":44,"column":4},"end":{"line":44,"column":17}},"15":{"start":{"line":53,"column":4},"end":{"line":53,"column":53}},"16":{"start":{"line":14,"column":13},"end":{"line":14,"column":27}},"17":{"start":{"line":19,"column":8},"end":{"line":21,"column":null}},"18":{"start":{"line":25,"column":8},"end":{"line":27,"column":null}},"19":{"start":{"line":31,"column":8},"end":{"line":35,"column":null}},"20":{"start":{"line":39,"column":8},"end":{"line":45,"column":null}},"21":{"start":{"line":49,"column":8},"end":{"line":54,"column":null}},"22":{"start":{"line":14,"column":13},"end":{"line":55,"column":null}}},"fnMap":{"0":{"name":"(anonymous_4)","decl":{"start":{"line":15,"column":2},"end":{"line":15,"column":31}},"loc":{"start":{"line":15,"column":55},"end":{"line":15,"column":59}}},"1":{"name":"(anonymous_5)","decl":{"start":{"line":19,"column":8},"end":{"line":19,"column":22}},"loc":{"start":{"line":19,"column":22},"end":{"line":21,"column":3}}},"2":{"name":"(anonymous_6)","decl":{"start":{"line":25,"column":8},"end":{"line":25,"column":16}},"loc":{"start":{"line":25,"column":16},"end":{"line":27,"column":3}}},"3":{"name":"(anonymous_7)","decl":{"start":{"line":31,"column":8},"end":{"line":31,"column":15}},"loc":{"start":{"line":31,"column":39},"end":{"line":35,"column":3}}},"4":{"name":"(anonymous_8)","decl":{"start":{"line":39,"column":8},"end":{"line":39,"column":18}},"loc":{"start":{"line":40,"column":35},"end":{"line":45,"column":3}}},"5":{"name":"(anonymous_9)","decl":{"start":{"line":49,"column":8},"end":{"line":49,"column":16}},"loc":{"start":{"line":51,"column":53},"end":{"line":54,"column":3}}}},"branchMap":{"0":{"loc":{"start":{"line":33,"column":4},"end":{"line":33,"column":45}},"type":"if","locations":[{"start":{"line":33,"column":4},"end":{"line":33,"column":45}},{"start":{},"end":{}}]},"1":{"loc":{"start":{"line":43,"column":4},"end":{"line":43,"column":63}},"type":"if","locations":[{"start":{"line":43,"column":4},"end":{"line":43,"column":63}},{"start":{},"end":{}}]},"2":{"loc":{"start":{"line":43,"column":8},"end":{"line":43,"column":31}},"type":"binary-expr","locations":[{"start":{"line":43,"column":8},"end":{"line":43,"column":14}},{"start":{"line":43,"column":18},"end":{"line":43,"column":31}}]},"3":{"loc":{"start":{"line":15,"column":44},"end":{"line":15,"column":58}},"type":"cond-expr","locations":[{"start":{"line":15,"column":55},"end":{"line":15,"column":58}},{"start":{"line":15,"column":55},"end":{"line":15,"column":58}}]},"4":{"loc":{"start":{"line":15,"column":44},"end":{"line":15,"column":55}},"type":"binary-expr","locations":[{"start":{"line":15,"column":44},"end":{"line":15,"column":58}},{"start":{"line":15,"column":44},"end":{"line":15,"column":55}}]}},"s":{"0":1,"1":1,"2":1,"3":1,"4":1,"5":1,"6":1,"7":2,"8":2,"9":1,"10":1,"11":2,"12":2,"13":1,"14":1,"15":1,"16":1,"17":1,"18":1,"19":1,"20":1,"21":1,"22":1},"f":{"0":1,"1":1,"2":1,"3":2,"4":2,"5":1},"b":{"0":[1,1],"1":[1,1],"2":[2,2],"3":[1,0],"4":[1,1]}}
,"C:\\Users\\mayko\\LuizTools\\web23-projects\\cerberus\\cerberus\\backend\\src\\pool\\pool.service.ts": {"path":"C:\\Users\\mayko\\LuizTools\\web23-projects\\cerberus\\cerberus\\backend\\src\\pool\\pool.service.ts","statementMap":{"0":{"start":{"line":1,"column":0},"end":{"line":1,"column":63}},"1":{"start":{"line":2,"column":0},"end":{"line":2,"column":23}},"2":{"start":{"line":11,"column":7},"end":{"line":103,"column":null}},"3":{"start":{"line":13,"column":17},"end":{"line":15,"column":6}},"4":{"start":{"line":17,"column":4},"end":{"line":17,"column":45}},"5":{"start":{"line":17,"column":15},"end":{"line":17,"column":45}},"6":{"start":{"line":18,"column":4},"end":{"line":18,"column":16}},"7":{"start":{"line":22,"column":18},"end":{"line":29,"column":6}},"8":{"start":{"line":31,"column":4},"end":{"line":31,"column":63}},"9":{"start":{"line":31,"column":33},"end":{"line":31,"column":63}},"10":{"start":{"line":33,"column":4},"end":{"line":33,"column":17}},"11":{"start":{"line":37,"column":18},"end":{"line":40,"column":6}},"12":{"start":{"line":42,"column":4},"end":{"line":42,"column":17}},"13":{"start":{"line":46,"column":21},"end":{"line":57,"column":6}},"14":{"start":{"line":59,"column":4},"end":{"line":59,"column":28}},"15":{"start":{"line":59,"column":18},"end":{"line":59,"column":28}},"16":{"start":{"line":60,"column":4},"end":{"line":60,"column":44}},"17":{"start":{"line":60,"column":30},"end":{"line":60,"column":35}},"18":{"start":{"line":64,"column":23},"end":{"line":64,"column":64}},"19":{"start":{"line":66,"column":23},"end":{"line":74,"column":6}},"20":{"start":{"line":76,"column":4},"end":{"line":79,"column":7}},"21":{"start":{"line":77,"column":6},"end":{"line":78,"column":68}},"22":{"start":{"line":81,"column":23},"end":{"line":89,"column":6}},"23":{"start":{"line":91,"column":4},"end":{"line":94,"column":7}},"24":{"start":{"line":92,"column":6},"end":{"line":93,"column":68}},"25":{"start":{"line":96,"column":21},"end":{"line":96,"column":49}},"26":{"start":{"line":97,"column":26},"end":{"line":99,"column":18}},"27":{"start":{"line":98,"column":22},"end":{"line":98,"column":47}},"28":{"start":{"line":101,"column":4},"end":{"line":101,"column":17}},"29":{"start":{"line":11,"column":13},"end":{"line":11,"column":24}},"30":{"start":{"line":11,"column":13},"end":{"line":103,"column":null}}},"fnMap":{"0":{"name":"(anonymous_2)","decl":{"start":{"line":12,"column":2},"end":{"line":12,"column":7}},"loc":{"start":{"line":12,"column":26},"end":{"line":19,"column":3}}},"1":{"name":"(anonymous_3)","decl":{"start":{"line":21,"column":2},"end":{"line":21,"column":7}},"loc":{"start":{"line":21,"column":33},"end":{"line":34,"column":3}}},"2":{"name":"(anonymous_4)","decl":{"start":{"line":36,"column":2},"end":{"line":36,"column":7}},"loc":{"start":{"line":36,"column":56},"end":{"line":43,"column":3}}},"3":{"name":"(anonymous_5)","decl":{"start":{"line":45,"column":2},"end":{"line":45,"column":7}},"loc":{"start":{"line":45,"column":22},"end":{"line":61,"column":3}}},"4":{"name":"(anonymous_6)","decl":{"start":{"line":60,"column":23},"end":{"line":60,"column":24}},"loc":{"start":{"line":60,"column":30},"end":{"line":60,"column":35}}},"5":{"name":"(anonymous_7)","decl":{"start":{"line":63,"column":2},"end":{"line":63,"column":7}},"loc":{"start":{"line":63,"column":19},"end":{"line":102,"column":3}}},"6":{"name":"(anonymous_8)","decl":{"start":{"line":76,"column":22},"end":{"line":76,"column":23}},"loc":{"start":{"line":76,"column":34},"end":{"line":79,"column":5}}},"7":{"name":"(anonymous_9)","decl":{"start":{"line":91,"column":22},"end":{"line":91,"column":23}},"loc":{"start":{"line":91,"column":34},"end":{"line":94,"column":5}}},"8":{"name":"(anonymous_10)","decl":{"start":{"line":98,"column":12},"end":{"line":98,"column":13}},"loc":{"start":{"line":98,"column":22},"end":{"line":98,"column":47}}}},"branchMap":{"0":{"loc":{"start":{"line":17,"column":4},"end":{"line":17,"column":45}},"type":"if","locations":[{"start":{"line":17,"column":4},"end":{"line":17,"column":45}},{"start":{},"end":{}}]},"1":{"loc":{"start":{"line":31,"column":4},"end":{"line":31,"column":63}},"type":"if","locations":[{"start":{"line":31,"column":4},"end":{"line":31,"column":63}},{"start":{},"end":{}}]},"2":{"loc":{"start":{"line":31,"column":8},"end":{"line":31,"column":31}},"type":"binary-expr","locations":[{"start":{"line":31,"column":8},"end":{"line":31,"column":14}},{"start":{"line":31,"column":18},"end":{"line":31,"column":31}}]},"3":{"loc":{"start":{"line":36,"column":17},"end":{"line":36,"column":33}},"type":"default-arg","locations":[{"start":{"line":36,"column":32},"end":{"line":36,"column":33}}]},"4":{"loc":{"start":{"line":36,"column":35},"end":{"line":36,"column":56}},"type":"default-arg","locations":[{"start":{"line":36,"column":54},"end":{"line":36,"column":56}}]},"5":{"loc":{"start":{"line":59,"column":4},"end":{"line":59,"column":28}},"type":"if","locations":[{"start":{"line":59,"column":4},"end":{"line":59,"column":28}},{"start":{},"end":{}}]},"6":{"loc":{"start":{"line":78,"column":9},"end":{"line":78,"column":31}},"type":"binary-expr","locations":[{"start":{"line":78,"column":9},"end":{"line":78,"column":26}},{"start":{"line":78,"column":30},"end":{"line":78,"column":31}}]},"7":{"loc":{"start":{"line":78,"column":44},"end":{"line":78,"column":66}},"type":"binary-expr","locations":[{"start":{"line":78,"column":44},"end":{"line":78,"column":61}},{"start":{"line":78,"column":65},"end":{"line":78,"column":66}}]},"8":{"loc":{"start":{"line":93,"column":9},"end":{"line":93,"column":31}},"type":"binary-expr","locations":[{"start":{"line":93,"column":9},"end":{"line":93,"column":26}},{"start":{"line":93,"column":30},"end":{"line":93,"column":31}}]},"9":{"loc":{"start":{"line":93,"column":44},"end":{"line":93,"column":66}},"type":"binary-expr","locations":[{"start":{"line":93,"column":44},"end":{"line":93,"column":61}},{"start":{"line":93,"column":65},"end":{"line":93,"column":66}}]}},"s":{"0":3,"1":3,"2":3,"3":2,"4":2,"5":1,"6":1,"7":2,"8":2,"9":1,"10":1,"11":2,"12":2,"13":2,"14":2,"15":1,"16":1,"17":1,"18":1,"19":1,"20":1,"21":1,"22":1,"23":1,"24":1,"25":1,"26":1,"27":1,"28":1,"29":3,"30":3},"f":{"0":2,"1":2,"2":2,"3":2,"4":1,"5":1,"6":1,"7":1,"8":1},"b":{"0":[1,1],"1":[1,1],"2":[2,2],"3":[1],"4":[1],"5":[1,1],"6":[1,1],"7":[1,1],"8":[1,1],"9":[1,1]}}
,"C:\\Users\\mayko\\LuizTools\\web23-projects\\cerberus\\cerberus\\backend\\src\\user\\user.controller.ts": {"path":"C:\\Users\\mayko\\LuizTools\\web23-projects\\cerberus\\cerberus\\backend\\src\\user\\user.controller.ts","statementMap":{"0":{"start":{"line":1,"column":0},"end":{"line":1,"column":null}},"1":{"start":{"line":12,"column":0},"end":{"line":12,"column":45}},"2":{"start":{"line":13,"column":0},"end":{"line":13,"column":37}},"3":{"start":{"line":14,"column":0},"end":{"line":14,"column":47}},"4":{"start":{"line":15,"column":0},"end":{"line":15,"column":51}},"5":{"start":{"line":18,"column":7},"end":{"line":62,"column":null}},"6":{"start":{"line":20,"column":21},"end":{"line":20,"column":34}},"7":{"start":{"line":21,"column":21},"end":{"line":21,"column":34}},"8":{"start":{"line":27,"column":16},"end":{"line":27,"column":59}},"9":{"start":{"line":28,"column":4},"end":{"line":28,"column":49}},"10":{"start":{"line":37,"column":16},"end":{"line":37,"column":59}},"11":{"start":{"line":39,"column":4},"end":{"line":48,"column":5}},"12":{"start":{"line":40,"column":6},"end":{"line":41,"column":39}},"13":{"start":{"line":41,"column":8},"end":{"line":41,"column":39}},"14":{"start":{"line":42,"column":6},"end":{"line":42,"column":58}},"15":{"start":{"line":44,"column":6},"end":{"line":44,"column":68}},"16":{"start":{"line":44,"column":37},"end":{"line":44,"column":68}},"17":{"start":{"line":45,"column":19},"end":{"line":45,"column":61}},"18":{"start":{"line":46,"column":6},"end":{"line":46,"column":27}},"19":{"start":{"line":47,"column":6},"end":{"line":47,"column":18}},"20":{"start":{"line":58,"column":16},"end":{"line":58,"column":59}},"21":{"start":{"line":59,"column":4},"end":{"line":59,"column":58}},"22":{"start":{"line":59,"column":27},"end":{"line":59,"column":58}},"23":{"start":{"line":60,"column":4},"end":{"line":60,"column":49}},"24":{"start":{"line":18,"column":13},"end":{"line":18,"column":27}},"25":{"start":{"line":26,"column":8},"end":{"line":29,"column":null}},"26":{"start":{"line":33,"column":8},"end":{"line":49,"column":null}},"27":{"start":{"line":53,"column":8},"end":{"line":61,"column":null}},"28":{"start":{"line":18,"column":13},"end":{"line":62,"column":null}}},"fnMap":{"0":{"name":"(anonymous_4)","decl":{"start":{"line":19,"column":2},"end":{"line":19,"column":null}},"loc":{"start":{"line":21,"column":45},"end":{"line":22,"column":6}}},"1":{"name":"(anonymous_5)","decl":{"start":{"line":26,"column":8},"end":{"line":26,"column":11}},"loc":{"start":{"line":26,"column":51},"end":{"line":29,"column":3}}},"2":{"name":"(anonymous_6)","decl":{"start":{"line":33,"column":8},"end":{"line":33,"column":15}},"loc":{"start":{"line":35,"column":43},"end":{"line":49,"column":3}}},"3":{"name":"(anonymous_7)","decl":{"start":{"line":53,"column":8},"end":{"line":53,"column":18}},"loc":{"start":{"line":56,"column":25},"end":{"line":61,"column":3}}}},"branchMap":{"0":{"loc":{"start":{"line":39,"column":4},"end":{"line":48,"column":5}},"type":"if","locations":[{"start":{"line":39,"column":4},"end":{"line":48,"column":5}},{"start":{"line":43,"column":11},"end":{"line":48,"column":5}}]},"1":{"loc":{"start":{"line":40,"column":6},"end":{"line":41,"column":39}},"type":"if","locations":[{"start":{"line":40,"column":6},"end":{"line":41,"column":39}},{"start":{},"end":{}}]},"2":{"loc":{"start":{"line":44,"column":6},"end":{"line":44,"column":68}},"type":"if","locations":[{"start":{"line":44,"column":6},"end":{"line":44,"column":68}},{"start":{},"end":{}}]},"3":{"loc":{"start":{"line":59,"column":4},"end":{"line":59,"column":58}},"type":"if","locations":[{"start":{"line":59,"column":4},"end":{"line":59,"column":58}},{"start":{},"end":{}}]},"4":{"loc":{"start":{"line":56,"column":18},"end":{"line":56,"column":null}},"type":"cond-expr","locations":[{"start":{"line":56,"column":25},"end":{"line":56,"column":null}},{"start":{"line":56,"column":25},"end":{"line":56,"column":null}}]},"5":{"loc":{"start":{"line":56,"column":18},"end":{"line":56,"column":25}},"type":"binary-expr","locations":[{"start":{"line":56,"column":18},"end":{"line":56,"column":null}},{"start":{"line":56,"column":18},"end":{"line":56,"column":25}}]},"6":{"loc":{"start":{"line":20,"column":34},"end":{"line":20,"column":null}},"type":"cond-expr","locations":[{"start":{"line":20,"column":45},"end":{"line":20,"column":null}},{"start":{"line":20,"column":45},"end":{"line":20,"column":null}}]},"7":{"loc":{"start":{"line":20,"column":34},"end":{"line":20,"column":45}},"type":"binary-expr","locations":[{"start":{"line":20,"column":34},"end":{"line":20,"column":null}},{"start":{"line":20,"column":34},"end":{"line":20,"column":45}}]},"8":{"loc":{"start":{"line":20,"column":45},"end":{"line":21,"column":null}},"type":"cond-expr","locations":[{"start":{"line":21,"column":45},"end":{"line":21,"column":null}},{"start":{"line":21,"column":45},"end":{"line":21,"column":null}}]},"9":{"loc":{"start":{"line":20,"column":45},"end":{"line":21,"column":45}},"type":"binary-expr","locations":[{"start":{"line":20,"column":45},"end":{"line":21,"column":null}},{"start":{"line":21,"column":34},"end":{"line":21,"column":45}}]}},"s":{"0":1,"1":1,"2":1,"3":1,"4":1,"5":1,"6":1,"7":1,"8":1,"9":1,"10":4,"11":4,"12":2,"13":1,"14":1,"15":2,"16":1,"17":1,"18":1,"19":1,"20":2,"21":2,"22":1,"23":1,"24":1,"25":1,"26":1,"27":1,"28":1},"f":{"0":1,"1":1,"2":4,"3":2},"b":{"0":[2,2],"1":[1,1],"2":[1,1],"3":[1,1],"4":[1,0],"5":[1,1],"6":[1,0],"7":[1,1],"8":[1,0],"9":[1,1]}}
,"C:\\Users\\mayko\\LuizTools\\web23-projects\\cerberus\\cerberus\\backend\\src\\user\\user.service.ts": {"path":"C:\\Users\\mayko\\LuizTools\\web23-projects\\cerberus\\cerberus\\backend\\src\\user\\user.service.ts","statementMap":{"0":{"start":{"line":1,"column":0},"end":{"line":1,"column":null}},"1":{"start":{"line":8,"column":0},"end":{"line":8,"column":39}},"2":{"start":{"line":9,"column":0},"end":{"line":9,"column":23}},"3":{"start":{"line":11,"column":0},"end":{"line":11,"column":31}},"4":{"start":{"line":12,"column":0},"end":{"line":12,"column":66}},"5":{"start":{"line":13,"column":0},"end":{"line":13,"column":58}},"6":{"start":{"line":16,"column":24},"end":{"line":158,"column":null}},"7":{"start":{"line":18,"column":17},"end":{"line":25,"column":6}},"8":{"start":{"line":27,"column":4},"end":{"line":27,"column":45}},"9":{"start":{"line":27,"column":15},"end":{"line":27,"column":45}},"10":{"start":{"line":28,"column":4},"end":{"line":28,"column":25}},"11":{"start":{"line":30,"column":4},"end":{"line":30,"column":16}},"12":{"start":{"line":34,"column":17},"end":{"line":36,"column":6}},"13":{"start":{"line":38,"column":4},"end":{"line":38,"column":45}},"14":{"start":{"line":38,"column":15},"end":{"line":38,"column":45}},"15":{"start":{"line":39,"column":4},"end":{"line":39,"column":47}},"16":{"start":{"line":41,"column":4},"end":{"line":41,"column":16}},"17":{"start":{"line":45,"column":23},"end":{"line":45,"column":35}},"18":{"start":{"line":46,"column":15},"end":{"line":46,"column":17}},"19":{"start":{"line":47,"column":4},"end":{"line":48,"column":57}},"20":{"start":{"line":47,"column":17},"end":{"line":47,"column":18}},"21":{"start":{"line":48,"column":6},"end":{"line":48,"column":57}},"22":{"start":{"line":49,"column":4},"end":{"line":49,"column":16}},"23":{"start":{"line":53,"column":20},"end":{"line":64,"column":6}},"24":{"start":{"line":66,"column":4},"end":{"line":80,"column":5}},"25":{"start":{"line":67,"column":6},"end":{"line":79,"column":7}},"26":{"start":{"line":68,"column":8},"end":{"line":70,"column":10}},"27":{"start":{"line":72,"column":8},"end":{"line":78,"column":11}},"28":{"start":{"line":82,"column":4},"end":{"line":94,"column":7}},"29":{"start":{"line":98,"column":17},"end":{"line":98,"column":52}},"30":{"start":{"line":100,"column":4},"end":{"line":102,"column":5}},"31":{"start":{"line":101,"column":6},"end":{"line":101,"column":37}},"32":{"start":{"line":104,"column":4},"end":{"line":104,"column":28}},"33":{"start":{"line":106,"column":24},"end":{"line":109,"column":6}},"34":{"start":{"line":111,"column":4},"end":{"line":111,"column":32}},"35":{"start":{"line":112,"column":4},"end":{"line":112,"column":23}},"36":{"start":{"line":116,"column":22},"end":{"line":120,"column":6}},"37":{"start":{"line":122,"column":4},"end":{"line":124,"column":5}},"38":{"start":{"line":123,"column":6},"end":{"line":123,"column":49}},"39":{"start":{"line":126,"column":24},"end":{"line":129,"column":6}},"40":{"start":{"line":131,"column":4},"end":{"line":132,"column":34}},"41":{"start":{"line":132,"column":6},"end":{"line":132,"column":34}},"42":{"start":{"line":134,"column":4},"end":{"line":134,"column":23}},"43":{"start":{"line":138,"column":17},"end":{"line":138,"column":51}},"44":{"start":{"line":139,"column":4},"end":{"line":139,"column":48}},"45":{"start":{"line":139,"column":36},"end":{"line":139,"column":48}},"46":{"start":{"line":141,"column":4},"end":{"line":142,"column":64}},"47":{"start":{"line":142,"column":6},"end":{"line":142,"column":64}},"48":{"start":{"line":144,"column":26},"end":{"line":144,"column":63}},"49":{"start":{"line":145,"column":4},"end":{"line":146,"column":66}},"50":{"start":{"line":146,"column":6},"end":{"line":146,"column":66}},"51":{"start":{"line":148,"column":24},"end":{"line":153,"column":6}},"52":{"start":{"line":155,"column":4},"end":{"line":155,"column":32}},"53":{"start":{"line":156,"column":4},"end":{"line":156,"column":23}},"54":{"start":{"line":16,"column":13},"end":{"line":16,"column":24}},"55":{"start":{"line":16,"column":13},"end":{"line":158,"column":null}}},"fnMap":{"0":{"name":"(anonymous_2)","decl":{"start":{"line":17,"column":2},"end":{"line":17,"column":7}},"loc":{"start":{"line":17,"column":39},"end":{"line":31,"column":3}}},"1":{"name":"(anonymous_3)","decl":{"start":{"line":33,"column":2},"end":{"line":33,"column":7}},"loc":{"start":{"line":33,"column":26},"end":{"line":42,"column":3}}},"2":{"name":"(anonymous_4)","decl":{"start":{"line":44,"column":2},"end":{"line":44,"column":8}},"loc":{"start":{"line":44,"column":46},"end":{"line":50,"column":3}}},"3":{"name":"(anonymous_5)","decl":{"start":{"line":52,"column":2},"end":{"line":52,"column":7}},"loc":{"start":{"line":52,"column":29},"end":{"line":95,"column":3}}},"4":{"name":"(anonymous_6)","decl":{"start":{"line":97,"column":2},"end":{"line":97,"column":7}},"loc":{"start":{"line":97,"column":31},"end":{"line":113,"column":3}}},"5":{"name":"(anonymous_7)","decl":{"start":{"line":115,"column":2},"end":{"line":115,"column":7}},"loc":{"start":{"line":115,"column":44},"end":{"line":135,"column":3}}},"6":{"name":"(anonymous_8)","decl":{"start":{"line":137,"column":2},"end":{"line":137,"column":7}},"loc":{"start":{"line":137,"column":49},"end":{"line":157,"column":3}}}},"branchMap":{"0":{"loc":{"start":{"line":27,"column":4},"end":{"line":27,"column":45}},"type":"if","locations":[{"start":{"line":27,"column":4},"end":{"line":27,"column":45}},{"start":{},"end":{}}]},"1":{"loc":{"start":{"line":38,"column":4},"end":{"line":38,"column":45}},"type":"if","locations":[{"start":{"line":38,"column":4},"end":{"line":38,"column":45}},{"start":{},"end":{}}]},"2":{"loc":{"start":{"line":66,"column":4},"end":{"line":80,"column":5}},"type":"if","locations":[{"start":{"line":66,"column":4},"end":{"line":80,"column":5}},{"start":{},"end":{}}]},"3":{"loc":{"start":{"line":67,"column":6},"end":{"line":79,"column":7}},"type":"if","locations":[{"start":{"line":67,"column":6},"end":{"line":79,"column":7}},{"start":{"line":71,"column":11},"end":{"line":79,"column":7}}]},"4":{"loc":{"start":{"line":87,"column":16},"end":{"line":87,"column":37}},"type":"binary-expr","locations":[{"start":{"line":87,"column":16},"end":{"line":87,"column":27}},{"start":{"line":87,"column":31},"end":{"line":87,"column":37}}]},"5":{"loc":{"start":{"line":100,"column":4},"end":{"line":102,"column":5}},"type":"if","locations":[{"start":{"line":100,"column":4},"end":{"line":102,"column":5}},{"start":{},"end":{}}]},"6":{"loc":{"start":{"line":122,"column":4},"end":{"line":124,"column":5}},"type":"if","locations":[{"start":{"line":122,"column":4},"end":{"line":124,"column":5}},{"start":{},"end":{}}]},"7":{"loc":{"start":{"line":131,"column":4},"end":{"line":132,"column":34}},"type":"if","locations":[{"start":{"line":131,"column":4},"end":{"line":132,"column":34}},{"start":{},"end":{}}]},"8":{"loc":{"start":{"line":139,"column":4},"end":{"line":139,"column":48}},"type":"if","locations":[{"start":{"line":139,"column":4},"end":{"line":139,"column":48}},{"start":{},"end":{}}]},"9":{"loc":{"start":{"line":141,"column":4},"end":{"line":142,"column":64}},"type":"if","locations":[{"start":{"line":141,"column":4},"end":{"line":142,"column":64}},{"start":{},"end":{}}]},"10":{"loc":{"start":{"line":145,"column":4},"end":{"line":146,"column":66}},"type":"if","locations":[{"start":{"line":145,"column":4},"end":{"line":146,"column":66}},{"start":{},"end":{}}]}},"s":{"0":4,"1":4,"2":4,"3":4,"4":4,"5":4,"6":4,"7":8,"8":8,"9":1,"10":7,"11":7,"12":2,"13":2,"14":1,"15":1,"16":1,"17":2,"18":2,"19":2,"20":2,"21":12,"22":2,"23":3,"24":3,"25":2,"26":1,"27":1,"28":1,"29":2,"30":2,"31":1,"32":1,"33":1,"34":1,"35":1,"36":1,"37":1,"38":1,"39":1,"40":1,"41":1,"42":1,"43":4,"44":4,"45":1,"46":3,"47":1,"48":2,"49":2,"50":1,"51":1,"52":1,"53":1,"54":4,"55":4},"f":{"0":8,"1":2,"2":2,"3":3,"4":2,"5":1,"6":4},"b":{"0":[1,7],"1":[1,1],"2":[2,1],"3":[1,1],"4":[1,0],"5":[1,1],"6":[1,0],"7":[1,0],"8":[1,3],"9":[1,2],"10":[1,1]}}
}
