TN:
SF:src\auth\auth.controller.ts
FN:20,(anonymous_5)
FN:27,(anonymous_6)
FN:59,(anonymous_7)
FN:84,(anonymous_8)
FNF:4
FNH:4
FNDA:1,(anonymous_5)
FNDA:5,(anonymous_6)
FNDA:1,(anonymous_7)
FNDA:1,(anonymous_8)
DA:1,1
DA:9,1
DA:10,1
DA:11,1
DA:12,1
DA:13,1
DA:14,1
DA:15,1
DA:16,1
DA:19,1
DA:21,1
DA:22,1
DA:23,1
DA:27,1
DA:28,5
DA:29,5
DA:30,1
DA:32,4
DA:35,4
DA:36,4
DA:38,1
DA:41,3
DA:42,2
DA:43,2
DA:44,1
DA:46,1
DA:55,1
DA:59,1
DA:60,1
DA:62,1
DA:80,1
DA:84,1
DA:88,1
DA:90,1
DA:108,1
LF:35
LH:35
BRDA:29,0,0,1
BRDA:29,0,1,4
BRDA:41,1,0,2
BRDA:41,1,1,1
BRDA:43,2,0,1
BRDA:43,2,1,1
BRDA:27,3,0,1
BRDA:27,3,1,0
BRDA:27,4,0,1
BRDA:27,4,1,1
BRDA:27,5,0,1
BRDA:27,5,1,0
BRDA:27,6,0,1
BRDA:27,6,1,1
BRDA:59,7,0,1
BRDA:59,7,1,0
BRDA:59,8,0,1
BRDA:59,8,1,1
BRDA:59,9,0,1
BRDA:59,9,1,0
BRDA:59,10,0,1
BRDA:59,10,1,1
BRDA:87,11,0,1
BRDA:87,11,1,0
BRDA:87,12,0,1
BRDA:87,12,1,1
BRDA:21,13,0,1
BRDA:21,13,1,0
BRDA:21,14,0,1
BRDA:21,14,1,1
BRDA:21,15,0,1
BRDA:21,15,1,0
BRDA:21,16,0,1
BRDA:21,16,1,1
BRDA:22,17,0,1
BRDA:22,17,1,0
BRDA:22,18,0,1
BRDA:22,18,1,1
BRF:38
BRH:30
end_of_record
TN:
SF:src\auth\auth.service.ts
FN:8,(anonymous_3)
FN:10,(anonymous_4)
FN:17,(anonymous_5)
FN:21,(anonymous_6)
FNF:4
FNH:4
FNDA:1,(anonymous_3)
FNDA:1,(anonymous_4)
FNDA:1,(anonymous_5)
FNDA:2,(anonymous_6)
DA:1,4
DA:2,4
DA:4,4
DA:7,4
DA:8,1
DA:11,1
DA:18,1
DA:22,2
DA:23,2
DA:28,1
LF:10
LH:10
BRDA:8,0,0,4
BRDA:8,0,1,0
BRDA:8,1,0,4
BRDA:8,1,1,4
BRF:4
BRH:3
end_of_record
TN:
SF:src\pool\pool.controller.ts
FN:15,(anonymous_4)
FN:19,(anonymous_5)
FN:25,(anonymous_6)
FN:31,(anonymous_7)
FN:39,(anonymous_8)
FN:50,(anonymous_9)
FNF:6
FNH:6
FNDA:1,(anonymous_4)
FNDA:1,(anonymous_5)
FNDA:1,(anonymous_6)
FNDA:2,(anonymous_7)
FNDA:2,(anonymous_8)
FNDA:1,(anonymous_9)
DA:1,1
DA:10,1
DA:11,1
DA:14,1
DA:15,1
DA:19,1
DA:20,1
DA:25,1
DA:26,1
DA:31,1
DA:32,2
DA:33,2
DA:34,1
DA:39,1
DA:43,2
DA:44,2
DA:45,1
DA:50,1
DA:54,1
LF:19
LH:19
BRDA:33,0,0,1
BRDA:33,0,1,1
BRDA:44,1,0,1
BRDA:44,1,1,1
BRDA:15,2,0,1
BRDA:15,2,1,0
BRDA:15,3,0,1
BRDA:15,3,1,1
BRF:8
BRH:7
end_of_record
TN:
SF:src\pool\pool.service.ts
FN:12,(anonymous_2)
FN:21,(anonymous_3)
FN:37,(anonymous_4)
FN:46,(anonymous_5)
FN:61,(anonymous_6)
FN:64,(anonymous_7)
FN:77,(anonymous_8)
FN:92,(anonymous_9)
FN:99,(anonymous_10)
FNF:9
FNH:9
FNDA:2,(anonymous_2)
FNDA:2,(anonymous_3)
FNDA:2,(anonymous_4)
FNDA:2,(anonymous_5)
FNDA:1,(anonymous_6)
FNDA:1,(anonymous_7)
FNDA:1,(anonymous_8)
FNDA:1,(anonymous_9)
FNDA:1,(anonymous_10)
DA:1,2
DA:2,2
DA:11,2
DA:13,2
DA:17,2
DA:18,1
DA:22,2
DA:32,2
DA:34,1
DA:38,2
DA:43,2
DA:47,2
DA:60,2
DA:61,1
DA:65,1
DA:67,1
DA:77,1
DA:78,1
DA:82,1
DA:92,1
DA:93,1
DA:97,1
DA:98,1
DA:99,1
DA:102,1
LF:25
LH:25
BRDA:17,0,0,1
BRDA:17,0,1,1
BRDA:32,1,0,1
BRDA:32,1,1,1
BRDA:37,2,0,1
BRDA:37,3,0,1
BRDA:60,4,0,1
BRDA:60,4,1,1
BRDA:79,5,0,1
BRDA:79,5,1,1
BRDA:79,6,0,1
BRDA:79,6,1,1
BRDA:94,7,0,1
BRDA:94,7,1,1
BRDA:94,8,0,1
BRDA:94,8,1,1
BRF:16
BRH:16
end_of_record
TN:
SF:src\user\user.controller.ts
FN:19,(anonymous_4)
FN:26,(anonymous_5)
FN:33,(anonymous_6)
FN:53,(anonymous_7)
FNF:4
FNH:4
FNDA:1,(anonymous_4)
FNDA:1,(anonymous_5)
FNDA:4,(anonymous_6)
FNDA:2,(anonymous_7)
DA:1,1
DA:12,1
DA:13,1
DA:14,1
DA:15,1
DA:18,1
DA:20,1
DA:21,1
DA:26,1
DA:27,1
DA:28,1
DA:33,1
DA:37,4
DA:39,4
DA:40,2
DA:41,1
DA:42,1
DA:44,2
DA:45,1
DA:46,1
DA:47,1
DA:53,1
DA:58,2
DA:59,2
DA:60,1
LF:25
LH:25
BRDA:39,0,0,2
BRDA:39,0,1,2
BRDA:40,1,0,1
BRDA:40,1,1,1
BRDA:44,2,0,1
BRDA:44,2,1,1
BRDA:59,3,0,1
BRDA:59,3,1,1
BRDA:56,4,0,1
BRDA:56,4,1,0
BRDA:56,5,0,1
BRDA:56,5,1,1
BRDA:20,6,0,1
BRDA:20,6,1,0
BRDA:20,7,0,1
BRDA:20,7,1,1
BRDA:20,8,0,1
BRDA:20,8,1,0
BRDA:20,9,0,1
BRDA:20,9,1,1
BRF:20
BRH:17
end_of_record
TN:
SF:src\user\user.service.ts
FN:16,(anonymous_2)
FN:32,(anonymous_3)
FN:43,(anonymous_4)
FN:51,(anonymous_5)
FN:96,(anonymous_6)
FN:111,(anonymous_7)
FN:133,(anonymous_8)
FNF:7
FNH:7
FNDA:8,(anonymous_2)
FNDA:2,(anonymous_3)
FNDA:2,(anonymous_4)
FNDA:3,(anonymous_5)
FNDA:2,(anonymous_6)
FNDA:1,(anonymous_7)
FNDA:4,(anonymous_8)
DA:1,3
DA:8,3
DA:9,3
DA:11,3
DA:12,3
DA:15,3
DA:17,8
DA:26,8
DA:27,7
DA:29,7
DA:33,2
DA:37,2
DA:38,1
DA:40,1
DA:44,2
DA:45,2
DA:46,2
DA:47,12
DA:48,2
DA:52,3
DA:65,3
DA:66,2
DA:67,1
DA:71,1
DA:81,1
DA:97,2
DA:98,2
DA:102,1
DA:107,1
DA:108,1
DA:112,1
DA:118,1
DA:119,1
DA:122,1
DA:127,1
DA:128,1
DA:130,1
DA:134,4
DA:135,4
DA:137,3
DA:138,1
DA:140,2
DA:141,2
DA:142,1
DA:144,1
DA:151,1
DA:152,1
LF:47
LH:47
BRDA:26,0,0,1
BRDA:26,0,1,7
BRDA:37,1,0,1
BRDA:37,1,1,1
BRDA:65,2,0,2
BRDA:65,2,1,1
BRDA:66,3,0,1
BRDA:66,3,1,1
BRDA:86,4,0,1
BRDA:86,4,1,0
BRDA:98,5,0,1
BRDA:98,5,1,1
BRDA:118,6,0,1
BRDA:118,6,1,0
BRDA:127,7,0,1
BRDA:127,7,1,0
BRDA:135,8,0,1
BRDA:135,8,1,3
BRDA:137,9,0,1
BRDA:137,9,1,2
BRDA:141,10,0,1
BRDA:141,10,1,1
BRF:22
BRH:19
end_of_record
