TN:
SF:src\auth\auth.controller.ts
FN:20,(anonymous_5)
FN:27,(anonymous_6)
FN:59,(anonymous_7)
FN:84,(anonymous_8)
FNF:4
FNH:4
FNDA:1,(anonymous_5)
FNDA:5,(anonymous_6)
FNDA:1,(anonymous_7)
FNDA:1,(anonymous_8)
DA:1,1
DA:9,1
DA:10,1
DA:11,1
DA:12,1
DA:13,1
DA:14,1
DA:15,1
DA:16,1
DA:19,1
DA:21,1
DA:22,1
DA:23,1
DA:27,1
DA:28,5
DA:29,5
DA:30,1
DA:32,4
DA:35,4
DA:36,4
DA:38,1
DA:41,3
DA:42,2
DA:43,2
DA:44,1
DA:46,1
DA:55,1
DA:59,1
DA:60,1
DA:62,1
DA:80,1
DA:84,1
DA:88,1
DA:90,1
DA:108,1
LF:35
LH:35
BRDA:29,0,0,1
BRDA:29,0,1,4
BRDA:41,1,0,2
BRDA:41,1,1,1
BRDA:43,2,0,1
BRDA:43,2,1,1
BRDA:27,3,0,1
BRDA:27,3,1,0
BRDA:27,4,0,1
BRDA:27,4,1,1
BRDA:27,5,0,1
BRDA:27,5,1,0
BRDA:27,6,0,1
BRDA:27,6,1,1
BRDA:59,7,0,1
BRDA:59,7,1,0
BRDA:59,8,0,1
BRDA:59,8,1,1
BRDA:59,9,0,1
BRDA:59,9,1,0
BRDA:59,10,0,1
BRDA:59,10,1,1
BRDA:87,11,0,1
BRDA:87,11,1,0
BRDA:87,12,0,1
BRDA:87,12,1,1
BRDA:21,13,0,1
BRDA:21,13,1,0
BRDA:21,14,0,1
BRDA:21,14,1,1
BRDA:21,15,0,1
BRDA:21,15,1,0
BRDA:21,16,0,1
BRDA:21,16,1,1
BRDA:22,17,0,1
BRDA:22,17,1,0
BRDA:22,18,0,1
BRDA:22,18,1,1
BRF:38
BRH:30
end_of_record
TN:
SF:src\auth\auth.service.ts
FN:8,(anonymous_3)
FN:10,(anonymous_4)
FN:17,(anonymous_5)
FN:21,(anonymous_6)
FNF:4
FNH:4
FNDA:1,(anonymous_3)
FNDA:1,(anonymous_4)
FNDA:1,(anonymous_5)
FNDA:2,(anonymous_6)
DA:1,5
DA:2,5
DA:4,5
DA:7,5
DA:8,1
DA:11,1
DA:18,1
DA:22,2
DA:23,2
DA:28,1
LF:10
LH:10
BRDA:8,0,0,5
BRDA:8,0,1,0
BRDA:8,1,0,5
BRDA:8,1,1,5
BRF:4
BRH:3
end_of_record
TN:
SF:src\automation\automation.controller.ts
FN:23,(anonymous_4)
FN:32,(anonymous_5)
FN:66,(anonymous_6)
FN:106,(anonymous_7)
FN:143,(anonymous_8)
FN:153,(anonymous_9)
FN:163,(anonymous_10)
FN:170,(anonymous_11)
FN:180,(anonymous_12)
FNF:9
FNH:9
FNDA:1,(anonymous_4)
FNDA:4,(anonymous_5)
FNDA:6,(anonymous_6)
FNDA:5,(anonymous_7)
FNDA:1,(anonymous_8)
FNDA:1,(anonymous_9)
FNDA:1,(anonymous_10)
FNDA:1,(anonymous_11)
FNDA:1,(anonymous_12)
DA:1,1
DA:14,1
DA:15,1
DA:16,1
DA:17,1
DA:18,1
DA:19,1
DA:22,1
DA:24,1
DA:25,1
DA:26,1
DA:27,1
DA:32,1
DA:36,4
DA:37,4
DA:38,4
DA:39,1
DA:43,3
DA:48,3
DA:49,3
DA:50,3
DA:53,3
DA:56,2
DA:61,2
DA:66,1
DA:71,6
DA:72,6
DA:73,6
DA:74,1
DA:78,5
DA:83,5
DA:84,1
DA:86,4
DA:90,4
DA:92,3
DA:95,3
DA:101,3
DA:106,1
DA:110,5
DA:111,5
DA:112,5
DA:113,1
DA:117,4
DA:121,4
DA:123,3
DA:127,3
DA:129,2
DA:132,2
DA:138,2
DA:143,1
DA:147,1
DA:148,1
DA:153,1
DA:157,1
DA:158,1
DA:163,1
DA:164,1
DA:165,1
DA:170,1
DA:174,1
DA:175,1
DA:180,1
DA:185,1
DA:186,1
LF:64
LH:64
BRDA:38,0,0,1
BRDA:38,0,1,3
BRDA:48,1,0,3
BRDA:48,1,1,0
BRDA:48,2,0,3
BRDA:48,2,1,3
BRDA:50,3,0,1
BRDA:50,3,1,2
BRDA:53,4,0,1
BRDA:53,4,1,2
BRDA:56,5,0,1
BRDA:56,5,1,1
BRDA:73,6,0,1
BRDA:73,6,1,5
BRDA:83,7,0,1
BRDA:83,7,1,4
BRDA:83,8,0,5
BRDA:83,8,1,4
BRDA:86,9,0,1
BRDA:86,9,1,3
BRDA:90,10,0,1
BRDA:90,10,1,3
BRDA:90,11,0,4
BRDA:90,11,1,3
BRDA:95,12,0,2
BRDA:95,12,1,1
BRDA:112,13,0,1
BRDA:112,13,1,4
BRDA:121,14,0,1
BRDA:121,14,1,3
BRDA:123,15,0,1
BRDA:123,15,1,2
BRDA:127,16,0,1
BRDA:127,16,1,2
BRDA:127,17,0,3
BRDA:127,17,1,2
BRDA:132,18,0,1
BRDA:132,18,1,1
BRDA:33,19,0,1
BRDA:33,19,1,0
BRDA:33,20,0,1
BRDA:33,20,1,1
BRDA:68,21,0,1
BRDA:68,21,1,0
BRDA:68,22,0,1
BRDA:68,22,1,1
BRDA:24,23,0,1
BRDA:24,23,1,0
BRDA:24,24,0,1
BRDA:24,24,1,1
BRDA:24,25,0,1
BRDA:24,25,1,0
BRDA:24,26,0,1
BRDA:24,26,1,1
BRDA:25,27,0,1
BRDA:25,27,1,0
BRDA:25,28,0,1
BRDA:25,28,1,1
BRDA:26,29,0,1
BRDA:26,29,1,0
BRDA:26,30,0,1
BRDA:26,30,1,1
BRF:62
BRH:55
end_of_record
TN:
SF:src\automation\automation.service.ts
FN:8,(anonymous_2)
FN:14,(anonymous_3)
FN:26,(anonymous_4)
FN:32,(anonymous_5)
FN:52,(anonymous_6)
FN:73,(anonymous_7)
FN:82,(anonymous_8)
FN:91,(anonymous_9)
FNF:8
FNH:8
FNDA:1,(anonymous_2)
FNDA:1,(anonymous_3)
FNDA:1,(anonymous_4)
FNDA:2,(anonymous_5)
FNDA:2,(anonymous_6)
FNDA:1,(anonymous_7)
FNDA:1,(anonymous_8)
FNDA:1,(anonymous_9)
DA:1,2
DA:4,2
DA:7,2
DA:9,1
DA:19,1
DA:27,1
DA:36,2
DA:57,2
DA:74,1
DA:83,1
DA:92,1
LF:11
LH:11
BRDA:16,0,0,1
BRDA:17,1,0,1
BRDA:42,2,0,2
BRDA:42,2,1,1
BRDA:43,3,0,2
BRDA:43,3,1,2
BRDA:63,4,0,2
BRDA:63,4,1,0
BRDA:64,5,0,2
BRDA:64,5,1,1
BRDA:65,6,0,2
BRDA:65,6,1,2
BRF:12
BRH:11
end_of_record
TN:
SF:src\pool\pool.controller.ts
FN:15,(anonymous_4)
FN:19,(anonymous_5)
FN:25,(anonymous_6)
FN:31,(anonymous_7)
FN:39,(anonymous_8)
FN:49,(anonymous_9)
FNF:6
FNH:6
FNDA:1,(anonymous_4)
FNDA:1,(anonymous_5)
FNDA:1,(anonymous_6)
FNDA:2,(anonymous_7)
FNDA:2,(anonymous_8)
FNDA:1,(anonymous_9)
DA:1,1
DA:10,1
DA:11,1
DA:14,1
DA:15,1
DA:19,1
DA:20,1
DA:25,1
DA:26,1
DA:31,1
DA:32,2
DA:33,2
DA:34,1
DA:39,1
DA:42,2
DA:43,2
DA:44,1
DA:49,1
DA:53,1
LF:19
LH:19
BRDA:33,0,0,1
BRDA:33,0,1,1
BRDA:43,1,0,1
BRDA:43,1,1,1
BRDA:43,2,0,2
BRDA:43,2,1,2
BRDA:15,3,0,1
BRDA:15,3,1,0
BRDA:15,4,0,1
BRDA:15,4,1,1
BRF:10
BRH:9
end_of_record
TN:
SF:src\pool\pool.service.ts
FN:12,(anonymous_2)
FN:21,(anonymous_3)
FN:36,(anonymous_4)
FN:45,(anonymous_5)
FN:60,(anonymous_6)
FN:63,(anonymous_7)
FN:76,(anonymous_8)
FN:91,(anonymous_9)
FN:98,(anonymous_10)
FNF:9
FNH:9
FNDA:2,(anonymous_2)
FNDA:2,(anonymous_3)
FNDA:2,(anonymous_4)
FNDA:2,(anonymous_5)
FNDA:1,(anonymous_6)
FNDA:1,(anonymous_7)
FNDA:1,(anonymous_8)
FNDA:1,(anonymous_9)
FNDA:1,(anonymous_10)
DA:1,3
DA:2,3
DA:11,3
DA:13,2
DA:17,2
DA:18,1
DA:22,2
DA:31,2
DA:33,1
DA:37,2
DA:42,2
DA:46,2
DA:59,2
DA:60,1
DA:64,1
DA:66,1
DA:76,1
DA:77,1
DA:81,1
DA:91,1
DA:92,1
DA:96,1
DA:97,1
DA:98,1
DA:101,1
LF:25
LH:25
BRDA:17,0,0,1
BRDA:17,0,1,1
BRDA:31,1,0,1
BRDA:31,1,1,1
BRDA:31,2,0,2
BRDA:31,2,1,2
BRDA:36,3,0,1
BRDA:36,4,0,1
BRDA:59,5,0,1
BRDA:59,5,1,1
BRDA:78,6,0,1
BRDA:78,6,1,1
BRDA:78,7,0,1
BRDA:78,7,1,1
BRDA:93,8,0,1
BRDA:93,8,1,1
BRDA:93,9,0,1
BRDA:93,9,1,1
BRF:18
BRH:18
end_of_record
TN:
SF:src\user\user.controller.ts
FN:19,(anonymous_4)
FN:26,(anonymous_5)
FN:33,(anonymous_6)
FN:53,(anonymous_7)
FNF:4
FNH:4
FNDA:1,(anonymous_4)
FNDA:1,(anonymous_5)
FNDA:4,(anonymous_6)
FNDA:2,(anonymous_7)
DA:1,1
DA:12,1
DA:13,1
DA:14,1
DA:15,1
DA:18,1
DA:20,1
DA:21,1
DA:26,1
DA:27,1
DA:28,1
DA:33,1
DA:37,4
DA:39,4
DA:40,2
DA:41,1
DA:42,1
DA:44,2
DA:45,1
DA:46,1
DA:47,1
DA:53,1
DA:58,2
DA:59,2
DA:60,1
LF:25
LH:25
BRDA:39,0,0,2
BRDA:39,0,1,2
BRDA:40,1,0,1
BRDA:40,1,1,1
BRDA:44,2,0,1
BRDA:44,2,1,1
BRDA:59,3,0,1
BRDA:59,3,1,1
BRDA:56,4,0,1
BRDA:56,4,1,0
BRDA:56,5,0,1
BRDA:56,5,1,1
BRDA:20,6,0,1
BRDA:20,6,1,0
BRDA:20,7,0,1
BRDA:20,7,1,1
BRDA:20,8,0,1
BRDA:20,8,1,0
BRDA:20,9,0,1
BRDA:20,9,1,1
BRF:20
BRH:17
end_of_record
TN:
SF:src\user\user.service.ts
FN:17,(anonymous_2)
FN:33,(anonymous_3)
FN:44,(anonymous_4)
FN:52,(anonymous_5)
FN:97,(anonymous_6)
FN:115,(anonymous_7)
FN:137,(anonymous_8)
FNF:7
FNH:7
FNDA:8,(anonymous_2)
FNDA:2,(anonymous_3)
FNDA:2,(anonymous_4)
FNDA:3,(anonymous_5)
FNDA:2,(anonymous_6)
FNDA:1,(anonymous_7)
FNDA:4,(anonymous_8)
DA:1,4
DA:8,4
DA:9,4
DA:11,4
DA:12,4
DA:13,4
DA:16,4
DA:18,8
DA:27,8
DA:28,7
DA:30,7
DA:34,2
DA:38,2
DA:39,1
DA:41,1
DA:45,2
DA:46,2
DA:47,2
DA:48,12
DA:49,2
DA:53,3
DA:66,3
DA:67,2
DA:68,1
DA:72,1
DA:82,1
DA:98,2
DA:100,2
DA:101,1
DA:104,1
DA:106,1
DA:111,1
DA:112,1
DA:116,1
DA:122,1
DA:123,1
DA:126,1
DA:131,1
DA:132,1
DA:134,1
DA:138,4
DA:139,4
DA:141,3
DA:142,1
DA:144,2
DA:145,2
DA:146,1
DA:148,1
DA:155,1
DA:156,1
LF:50
LH:50
BRDA:27,0,0,1
BRDA:27,0,1,7
BRDA:38,1,0,1
BRDA:38,1,1,1
BRDA:66,2,0,2
BRDA:66,2,1,1
BRDA:67,3,0,1
BRDA:67,3,1,1
BRDA:87,4,0,1
BRDA:87,4,1,0
BRDA:100,5,0,1
BRDA:100,5,1,1
BRDA:122,6,0,1
BRDA:122,6,1,0
BRDA:131,7,0,1
BRDA:131,7,1,0
BRDA:139,8,0,1
BRDA:139,8,1,3
BRDA:141,9,0,1
BRDA:141,9,1,2
BRDA:145,10,0,1
BRDA:145,10,1,1
BRF:22
BRH:19
end_of_record
